MIG: 12:04:07 : xml_input_file: board.prj
MIG: 12:04:07 : Absolute path of xml_input_file: e:/Development/zofija/sinus.srcs/sources_1/bd/design_1/ip/design_1_mig_7series_0_0/board.prj
MIG: 12:04:07 : xml_input_file: board.prj
MIG: 12:04:07 : Absolute path of xml_input_file: e:/Development/zofija/sinus.srcs/sources_1/bd/design_1/ip/design_1_mig_7series_0_0/board.prj
MIG: 12:04:07 : In updateAllModelParams
MIG: 12:04:07 : ################# RUNNING MIG BATCH ###################
MIG: 12:04:07 : Writing IN file for 'design_1_mig_7series_0_0'...compDirPath: c:/Xilinx/Vivado/2017.4/data/ip/xilinx/mig_7series_v4_0... instDirPath: e:/Development/zofija/sinus.srcs/sources_1/bd/design_1/ip/design_1_mig_7series_0_0
MIG: 12:04:07 : synp_flow:  -- synthesis_mode: Other
MIG: 12:04:07 : outputDirectory: e:/Development/zofija/sinus.srcs/sources_1/bd/design_1/ip/design_1_mig_7series_0_0/_tmp/
MIG: 12:04:07 : vivado_mode: xpg_bd
MIG: 12:04:07 : isPortInterface: 0
MIG: 12:04:07 : isPortInterface: 0
MIG: 12:04:07 : isPortInterface: 0
MIG: 12:04:07 : isPortInterface: 0
MIG: 12:04:07 : isPortInterface: 0
MIG: 12:04:07 : isPortInterface: 0
MIG: 12:04:07 : isPortInterface: 0
MIG: 12:04:07 : isPortInterface: 0
MIG: 12:04:07 : isPortInterface: 0
MIG: 12:04:07 : isPortInterface: 0
MIG: 12:04:07 : isPortInterface: 0
MIG: 12:04:07 : isPortInterface: 0
MIG: 12:04:07 : isPortInterface: 0
MIG: 12:04:07 : isPortInterface: 0
MIG: 12:04:07 : isPortInterface: 0
MIG: 12:04:07 : isPortInterface: 0
MIG: 12:04:07 : isPortInterface: 0
MIG: 12:04:07 : isPortInterface: 0
MIG: 12:04:07 : isPortInterface: 0
MIG: 12:04:07 : isPortInterface: 0
MIG: 12:04:07 : isPortInterface: 0
MIG: 12:04:07 : isPortInterface: 0
MIG: 12:04:07 : isPortInterface: 0
MIG: 12:04:07 : isPortInterface: 0
MIG: 12:04:07 : isPortInterface: 0
MIG: 12:04:07 : isPortInterface: 0
MIG: 12:04:07 : isPortInterface: 0
MIG: 12:04:07 : isPortInterface: 0
MIG: 12:04:07 : isPortInterface: 0
MIG: 12:04:07 : isPortInterface: 0
MIG: 12:04:07 : isPortInterface: 0
MIG: 12:04:07 : isPortInterface: 0
MIG: 12:04:07 : isPortInterface: 0
MIG: 12:04:07 : isPortInterface: 0
MIG: 12:04:07 : isPortInterface: 0
MIG: 12:04:07 : isPortInterface: 0
MIG: 12:04:07 : isPortInterface: 0
MIG: 12:04:07 : isPortInterface: 0
MIG: 12:04:07 : isPortInterface: 0
MIG: 12:04:07 : isPortInterface: 0
MIG: 12:04:07 : isPortInterface: 0
MIG: 12:04:07 : isPortInterface: 0
MIG: 12:04:07 : isPortInterface: 0
MIG: 12:04:07 : isPortInterface: 0
MIG: 12:04:07 : isPortInterface: 0
MIG: 12:04:07 : isPortInterface: 0
MIG: 12:04:07 : isPortInterface: 0
MIG: 12:04:07 : isPortInterface: 0
MIG: 12:04:07 : isPortInterface: 0
MIG: 12:04:07 : isPortInterface: 0
MIG: 12:04:07 : isPortInterface: 0
MIG: 12:04:07 : isPortInterface: 0
MIG: 12:04:07 : isPortInterface: 0
MIG: 12:04:07 : isPortInterface: 0
MIG: 12:04:07 : isPortInterface: 0
MIG: 12:04:07 : isPortInterface: 0
MIG: 12:04:07 : isPortInterface: 0
MIG: 12:04:07 : isPortInterface: 0
MIG: 12:04:07 : isPortInterface: 0
MIG: 12:04:07 : isPortInterface: 0
MIG: 12:04:07 : isPortInterface: 0
MIG: 12:04:07 : isPortInterface: 0
MIG: 12:04:07 : isPortInterface: 0
MIG: 12:04:07 : isPortInterface: 0
MIG: 12:04:07 : isPortInterface: 0
MIG: 12:04:07 : isPortInterface: 0
MIG: 12:04:07 : isPortInterface: 0
MIG: 12:04:07 : isPortInterface: 0
MIG: 12:04:07 : isPortInterface: 0
MIG: 12:04:07 : isPortInterface: 0
MIG: 12:04:07 : isPortInterface: 0
MIG: 12:04:07 : isPortInterface: 0
MIG: 12:04:07 : isPortInterface: 0
MIG: 12:04:07 : isPortInterface: 0
MIG: 12:04:07 : isPortInterface: 0
MIG: 12:04:07 : isPortInterface: 0
MIG: 12:04:07 : isPortInterface: 0
MIG: 12:04:07 : isPortInterface: 0
MIG: 12:04:07 : isPortInterface: 0
MIG: 12:04:07 : isPortInterface: 0
MIG: 12:04:07 : isPortInterface: 0
MIG: 12:04:07 : isPortInterface: 0
MIG: 12:04:07 : isPortInterface: 0
MIG: 12:04:07 : isPortInterface: 0
MIG: 12:04:07 : isPortInterface: 0
MIG: 12:04:07 : isPortInterface: 0
MIG: 12:04:07 : isPortInterface: 0
MIG: 12:04:07 : isPortInterface: 0
MIG: 12:04:07 : isPortInterface: 0
MIG: 12:04:07 : isPortInterface: 0
MIG: 12:04:07 : isPortInterface: 0
MIG: 12:04:07 : isPortInterface: 0
MIG: 12:04:07 : isPortInterface: 0
MIG: 12:04:07 : isPortInterface: 0
MIG: 12:04:07 : isPortInterface: 0
MIG: 12:04:07 : isPortInterface: 0
MIG: 12:04:07 : isPortInterface: 0
MIG: 12:04:07 : isPortInterface: 0
MIG: 12:04:07 : isPortInterface: 0
MIG: 12:04:07 : isPortInterface: 0
MIG: 12:04:07 : isPortInterface: 0
MIG: 12:04:07 : isPortInterface: 0
MIG: 12:04:07 : isPortInterface: 0
MIG: 12:04:07 : isPortInterface: 0
MIG: 12:04:07 : isPortInterface: 0
MIG: 12:04:07 : isPortInterface: 0
MIG: 12:04:07 : isPortInterface: 0
MIG: 12:04:07 : isPortInterface: 0
MIG: 12:04:07 : isPortInterface: 0
MIG: 12:04:07 : isPortInterface: 0
MIG: 12:04:07 : isPortInterface: 0
MIG: 12:04:07 : isPortInterface: 0
MIG: 12:04:07 : isPortInterface: 0
MIG: 12:04:07 : isPortInterface: 0
MIG: 12:04:07 : isPortInterface: 0
MIG: 12:04:07 : isPortInterface: 0
MIG: 12:04:07 : isPortInterface: 0
MIG: 12:04:07 : isPortInterface: 0
MIG: 12:04:07 : isPortInterface: 0
MIG: 12:04:07 : isPortInterface: 0
MIG: 12:04:07 : isPortInterface: 0
MIG: 12:04:07 : isPortInterface: 0
MIG: 12:04:07 : isPortInterface: 0
MIG: 12:04:07 : isPortInterface: 1
MIG: 12:04:07 : isPortInterface: 0
MIG: 12:04:07 : isPortInterface: 0
MIG: 12:04:07 : isPortInterface: 0
MIG: 12:04:07 : isPortInterface: 0
MIG: 12:04:07 : isPortInterface: 0
MIG: 12:04:07 : isPortInterface: 0
MIG: 12:04:07 : isPortInterface: 0
MIG: 12:04:07 : isPortInterface: 0
MIG: 12:04:07 : isPortInterface: 0
MIG: 12:04:07 : isPortInterface: 0
MIG: 12:04:07 :  locked false  
MIG: 12:04:07 : HDL Language: Verilog
MIG: 12:04:07 : compInfo: true
MIG: 12:04:07 : Vivado Options xc7a35ti csg324 -1l
MIG: 12:04:07 : 1: xc7a35ti 2: csg324 3: -1l
MIG: 12:04:07 : relative mig path: coregen/ip/xilinx/other/com/xilinx/ip/mig_7series_v4_0/bin/nt64/mig.exe
MIG: 12:04:07 : xilinx_path: C:/Xilinx/Vivado/2017.4/ids_lite/ISE
MIG: 12:04:07 : I am in catch area
MIG: 12:04:07 : Running C:/Xilinx/Vivado/2017.4/ids_lite/ISE/coregen/ip/xilinx/other/com/xilinx/ip/mig_7series_v4_0/bin/nt64/mig.exe -cg_exc_inp e:/Development/zofija/sinus.srcs/sources_1/bd/design_1/ip/design_1_mig_7series_0_0/xil_txt.in -cg_exc_out e:/Development/zofija/sinus.srcs/sources_1/bd/design_1/ip/design_1_mig_7series_0_0/xil_txt.out ... 
MIG: 12:04:16 : XML_INPUT_FILE: e:/Development/zofija/sinus.srcs/sources_1/bd/design_1/ip/design_1_mig_7series_0_0/board.prj
MIG: 12:04:16 : Component_Name: design_1_mig_7series_0_0
MIG: 12:04:16 : Moving design_1_mig_7series_0_0 ...
MIG: 12:04:16 : Moving design_1_mig_7series_0_0.veo ...
MIG: 12:04:16 : Moving design_1_mig_7series_0_0_xmdf.tcl ...
MIG: 12:04:16 : XGUI hdlLanguage: Verilog
MIG: 12:04:16 : xgui vivado_mode: xpg_bd
MIG: 12:04:16 : xgui hdlLanguage: Verilog -- hdlExt: v
MIG: 12:04:16 : Reading E:/Development/zofija/sinus.srcs/sources_1/bd/design_1/ip/design_1_mig_7series_0_0/design_1_mig_7series_0_0/user_design/rtl/design_1_mig_7series_0_0_mig.v ...
MIG: 12:04:17 : 1
MIG: 12:04:17 : Inside fn mem: DDR3
MIG: 12:04:17 : detect_uiclk: 83333333
MIG: 12:04:17 : cntrl:  memtype: DDR3
MIG: 12:04:17 : 666
MIG: 12:04:17 :  MMCM_VCO single ctrl param_name: MMCM_VCO --  possibleMaxVcoVal: 666 
MIG: 12:04:17 : 
MIG: 12:04:17 : 1
MIG: 12:04:17 : 83333333
MIG: 12:04:17 : 
MIG: 12:04:17 :  polarity_value: 1
MIG: 12:04:17 : 
MIG: 12:04:17 : 
MIG: 12:04:17 : cntrl:  memtype: DDR3
MIG: 12:04:17 : 
MIG: 12:04:17 :  Valid Param: DDR3_BANK_WIDTH ==> 3
MIG: 12:04:17 : 
MIG: 12:04:17 :  Valid Param: DDR3_CK_WIDTH ==> 1
MIG: 12:04:17 :  Invalid Param: DDR3_COL_WIDTH ==> 10
MIG: 12:04:17 : 
MIG: 12:04:17 :  Valid Param: DDR3_CS_WIDTH ==> 1
MIG: 12:04:17 : 
MIG: 12:04:17 :  Valid Param: DDR3_nCS_PER_RANK ==> 1
MIG: 12:04:17 : 
MIG: 12:04:17 :  Valid Param: DDR3_CKE_WIDTH ==> 1
MIG: 12:04:17 :  Invalid Param: DDR3_DATA_BUF_ADDR_WIDTH ==> 5
MIG: 12:04:18 :  Invalid Param: DDR3_DQ_CNT_WIDTH ==> 4
MIG: 12:04:18 :  Invalid Param: DDR3_DQ_PER_DM ==> 8
MIG: 12:04:18 : 2
MIG: 12:04:18 :  Valid Param: DDR3_DM_WIDTH ==> 2
MIG: 12:04:18 : 16
MIG: 12:04:18 :  Valid Param: DDR3_DQ_WIDTH ==> 16
MIG: 12:04:18 : 2
MIG: 12:04:18 :  Valid Param: DDR3_DQS_WIDTH ==> 2
MIG: 12:04:18 : 
MIG: 12:04:18 :  Valid Param: DDR3_DQS_CNT_WIDTH ==> 1
MIG: 12:04:18 :  Invalid Param: DDR3_DRAM_WIDTH ==> 8
MIG: 12:04:18 : 
MIG: 12:04:18 :  Valid Param: ECC ==> OFF
MIG: 12:04:18 : 16
MIG: 12:04:18 :  Valid Param: DDR3_DATA_WIDTH ==> 16
MIG: 12:04:18 :  Invalid Param: ECC_TEST ==> "OFF"
MIG: 12:04:18 :  Invalid Param: DDR3_PAYLOAD_WIDTH ==> (ECC_TEST == "OFF") ? DATA_WIDTH : DQ_WIDTH
MIG: 12:04:18 :  Invalid Param: DDR3_MEM_ADDR_ORDER ==> "BANK_ROW_COLUMN"
MIG: 12:04:18 :  Invalid Param: DDR3_nBANK_MACHS ==> 4
MIG: 12:04:18 :  Invalid Param: DDR3_RANKS ==> 1
MIG: 12:04:18 : 
MIG: 12:04:18 :  Valid Param: DDR3_ODT_WIDTH ==> 1
MIG: 12:04:18 : 
MIG: 12:04:18 :  Valid Param: DDR3_ROW_WIDTH ==> 14
MIG: 12:04:18 : 28
MIG: 12:04:18 :  Valid Param: DDR3_ADDR_WIDTH ==> 28
MIG: 12:04:18 : 
MIG: 12:04:18 :  Valid Param: DDR3_USE_CS_PORT ==> 1
MIG: 12:04:18 : 
MIG: 12:04:18 :  Valid Param: DDR3_USE_DM_PORT ==> 1
MIG: 12:04:18 : 
MIG: 12:04:18 :  Valid Param: DDR3_USE_ODT_PORT ==> 1
MIG: 12:04:18 :  Invalid Param: DDR3_IS_CLK_SHARED ==> "FALSE"
MIG: 12:04:18 :  Invalid Param: DDR3_PHY_CONTROL_MASTER_BANK ==> 0
MIG: 12:04:18 :  Invalid Param: DDR3_MEM_DENSITY ==> "2Gb"
MIG: 12:04:18 :  Invalid Param: DDR3_MEM_SPEEDGRADE ==> "15E"
MIG: 12:04:18 :  Invalid Param: DDR3_MEM_DEVICE_WIDTH ==> 16
MIG: 12:04:18 :  Invalid Param: DDR3_AL ==> "0"
MIG: 12:04:18 :  Invalid Param: DDR3_nAL ==> 0
MIG: 12:04:18 :  Invalid Param: DDR3_BURST_MODE ==> "8"
MIG: 12:04:18 :  Invalid Param: DDR3_BURST_TYPE ==> "SEQ"
MIG: 12:04:18 :  Invalid Param: DDR3_CL ==> 5
MIG: 12:04:18 :  Invalid Param: DDR3_CWL ==> 5
MIG: 12:04:18 :  Invalid Param: DDR3_OUTPUT_DRV ==> "LOW"
MIG: 12:04:18 :  Invalid Param: DDR3_RTT_NOM ==> "40"
MIG: 12:04:18 :  Invalid Param: DDR3_RTT_WR ==> "OFF"
MIG: 12:04:18 :  Invalid Param: DDR3_ADDR_CMD_MODE ==> "1T"
MIG: 12:04:18 : 
MIG: 12:04:18 :  Valid Param: DDR3_REG_CTRL ==> OFF
MIG: 12:04:18 :  Invalid Param: DDR3_CA_MIRROR ==> "OFF"
MIG: 12:04:18 :  Invalid Param: DDR3_VDD_OP_VOLT ==> "135"
MIG: 12:04:18 :  Invalid Param: DDR3_CLKIN_PERIOD ==> 6000
MIG: 12:04:18 :  Invalid Param: DDR3_CLKFBOUT_MULT ==> 8
MIG: 12:04:18 :  Invalid Param: DDR3_DIVCLK_DIVIDE ==> 1
MIG: 12:04:18 :  Invalid Param: DDR3_CLKOUT0_PHASE ==> 0.0
MIG: 12:04:18 :  Invalid Param: DDR3_CLKOUT0_DIVIDE ==> 2
MIG: 12:04:18 :  Invalid Param: DDR3_CLKOUT1_DIVIDE ==> 4
MIG: 12:04:18 :  Invalid Param: DDR3_CLKOUT2_DIVIDE ==> 64
MIG: 12:04:18 :  Invalid Param: DDR3_CLKOUT3_DIVIDE ==> 16
MIG: 12:04:18 :  Invalid Param: DDR3_MMCM_VCO ==> 666
MIG: 12:04:18 :  Invalid Param: DDR3_MMCM_MULT_F ==> 8
MIG: 12:04:18 :  Invalid Param: DDR3_MMCM_DIVCLK_DIVIDE ==> 1
MIG: 12:04:18 :  Invalid Param: DDR3_tCKE ==> 5625
MIG: 12:04:18 :  Invalid Param: DDR3_tFAW ==> 45000
MIG: 12:04:18 :  Invalid Param: DDR3_tPRDI ==> 1_000_000
MIG: 12:04:18 :  Invalid Param: DDR3_tRAS ==> 36000
MIG: 12:04:18 :  Invalid Param: DDR3_tRCD ==> 13500
MIG: 12:04:18 :  Invalid Param: DDR3_tREFI ==> 7800000
MIG: 12:04:18 :  Invalid Param: DDR3_tRFC ==> 160000
MIG: 12:04:18 :  Invalid Param: DDR3_tRP ==> 13500
MIG: 12:04:18 :  Invalid Param: DDR3_tRRD ==> 7500
MIG: 12:04:18 :  Invalid Param: DDR3_tRTP ==> 7500
MIG: 12:04:18 :  Invalid Param: DDR3_tWTR ==> 7500
MIG: 12:04:18 :  Invalid Param: DDR3_tZQI ==> 128_000_000
MIG: 12:04:18 :  Invalid Param: DDR3_tZQCS ==> 64
MIG: 12:04:18 :  Invalid Param: DDR3_SIM_BYPASS_INIT_CAL ==> "OFF"
MIG: 12:04:18 :  Invalid Param: DDR3_SIMULATION ==> "FALSE"
MIG: 12:04:18 :  Invalid Param: DDR3_BYTE_LANES_B0 ==> 4'b1111
MIG: 12:04:18 :  Invalid Param: DDR3_BYTE_LANES_B1 ==> 4'b0000
MIG: 12:04:18 :  Invalid Param: DDR3_BYTE_LANES_B2 ==> 4'b0000
MIG: 12:04:18 :  Invalid Param: DDR3_BYTE_LANES_B3 ==> 4'b0000
MIG: 12:04:18 :  Invalid Param: DDR3_BYTE_LANES_B4 ==> 4'b0000
MIG: 12:04:18 :  Invalid Param: DDR3_DATA_CTL_B0 ==> 4'b1100
MIG: 12:04:18 :  Invalid Param: DDR3_DATA_CTL_B1 ==> 4'b0000
MIG: 12:04:18 :  Invalid Param: DDR3_DATA_CTL_B2 ==> 4'b0000
MIG: 12:04:18 :  Invalid Param: DDR3_DATA_CTL_B3 ==> 4'b0000
MIG: 12:04:18 :  Invalid Param: DDR3_DATA_CTL_B4 ==> 4'b0000
MIG: 12:04:18 :  Invalid Param: DDR3_PHY_0_BITLANES ==> 48'h3FE_3FE_FFF_BFF
MIG: 12:04:18 :  Invalid Param: DDR3_PHY_1_BITLANES ==> 48'h000_000_000_000
MIG: 12:04:18 :  Invalid Param: DDR3_PHY_2_BITLANES ==> 48'h000_000_000_000
MIG: 12:04:18 :  Invalid Param: DDR3_CK_BYTE_MAP ==> 144'h00_00_00_00_00_00_00_00_00_00_00_00_00_00_00_00_00_00
MIG: 12:04:18 :  Invalid Param: DDR3_ADDR_MAP ==> 192'h000_000_000_002_004_009_007_001_005_006_003_010_012_014_011_01A
MIG: 12:04:18 :  Invalid Param: DDR3_BANK_MAP ==> 36'h01B_017_013
MIG: 12:04:18 :  Invalid Param: DDR3_CAS_MAP ==> 12'h015
MIG: 12:04:18 :  Invalid Param: DDR3_CKE_ODT_BYTE_MAP ==> 8'h00
MIG: 12:04:18 :  Invalid Param: DDR3_CKE_MAP ==> 96'h000_000_000_000_000_000_000_019
MIG: 12:04:18 :  Invalid Param: DDR3_ODT_MAP ==> 96'h000_000_000_000_000_000_000_008
MIG: 12:04:18 :  Invalid Param: DDR3_CS_MAP ==> 120'h000_000_000_000_000_000_000_000_000_00B
MIG: 12:04:18 :  Invalid Param: DDR3_PARITY_MAP ==> 12'h000
MIG: 12:04:18 :  Invalid Param: DDR3_RAS_MAP ==> 12'h016
MIG: 12:04:18 :  Invalid Param: DDR3_WE_MAP ==> 12'h018
MIG: 12:04:18 :  Invalid Param: DDR3_DQS_BYTE_MAP ==> 144'h00_00_00_00_00_00_00_00_00_00_00_00_00_00_00_00_02_03
MIG: 12:04:18 :  Invalid Param: DDR3_DATA0_MAP ==> 96'h034_032_038_035_031_037_036_033
MIG: 12:04:18 :  Invalid Param: DDR3_DATA1_MAP ==> 96'h023_026_022_028_025_027_021_024
MIG: 12:04:18 :  Invalid Param: DDR3_DATA2_MAP ==> 96'h000_000_000_000_000_000_000_000
MIG: 12:04:18 :  Invalid Param: DDR3_DATA3_MAP ==> 96'h000_000_000_000_000_000_000_000
MIG: 12:04:18 :  Invalid Param: DDR3_DATA4_MAP ==> 96'h000_000_000_000_000_000_000_000
MIG: 12:04:18 :  Invalid Param: DDR3_DATA5_MAP ==> 96'h000_000_000_000_000_000_000_000
MIG: 12:04:18 :  Invalid Param: DDR3_DATA6_MAP ==> 96'h000_000_000_000_000_000_000_000
MIG: 12:04:18 :  Invalid Param: DDR3_DATA7_MAP ==> 96'h000_000_000_000_000_000_000_000
MIG: 12:04:18 :  Invalid Param: DDR3_DATA8_MAP ==> 96'h000_000_000_000_000_000_000_000
MIG: 12:04:18 :  Invalid Param: DDR3_DATA9_MAP ==> 96'h000_000_000_000_000_000_000_000
MIG: 12:04:18 :  Invalid Param: DDR3_DATA10_MAP ==> 96'h000_000_000_000_000_000_000_000
MIG: 12:04:18 :  Invalid Param: DDR3_DATA11_MAP ==> 96'h000_000_000_000_000_000_000_000
MIG: 12:04:18 :  Invalid Param: DDR3_DATA12_MAP ==> 96'h000_000_000_000_000_000_000_000
MIG: 12:04:18 :  Invalid Param: DDR3_DATA13_MAP ==> 96'h000_000_000_000_000_000_000_000
MIG: 12:04:18 :  Invalid Param: DDR3_DATA14_MAP ==> 96'h000_000_000_000_000_000_000_000
MIG: 12:04:18 :  Invalid Param: DDR3_DATA15_MAP ==> 96'h000_000_000_000_000_000_000_000
MIG: 12:04:18 :  Invalid Param: DDR3_DATA16_MAP ==> 96'h000_000_000_000_000_000_000_000
MIG: 12:04:18 :  Invalid Param: DDR3_DATA17_MAP ==> 96'h000_000_000_000_000_000_000_000
MIG: 12:04:18 :  Invalid Param: DDR3_MASK0_MAP ==> 108'h000_000_000_000_000_000_000_029_039
MIG: 12:04:18 :  Invalid Param: DDR3_MASK1_MAP ==> 108'h000_000_000_000_000_000_000_000_000
MIG: 12:04:18 :  Invalid Param: DDR3_SLOT_0_CONFIG ==> 8'b0000_0001
MIG: 12:04:18 :  Invalid Param: DDR3_SLOT_1_CONFIG ==> 8'b0000_0000
MIG: 12:04:18 :  Invalid Param: DDR3_IBUF_LPWR_MODE ==> "OFF"
MIG: 12:04:18 :  Invalid Param: DDR3_DATA_IO_IDLE_PWRDWN ==> "ON"
MIG: 12:04:18 :  Invalid Param: DDR3_BANK_TYPE ==> "HR_IO"
MIG: 12:04:18 :  Invalid Param: DDR3_DATA_IO_PRIM_TYPE ==> "HR_LP"
MIG: 12:04:18 :  Invalid Param: DDR3_CKE_ODT_AUX ==> "FALSE"
MIG: 12:04:18 :  Invalid Param: DDR3_USER_REFRESH ==> "OFF"
MIG: 12:04:18 :  Invalid Param: DDR3_WRLVL ==> "ON"
MIG: 12:04:18 :  Invalid Param: DDR3_ORDERING ==> "NORM"
MIG: 12:04:18 :  Invalid Param: DDR3_CALIB_ROW_ADD ==> 16'h0000
MIG: 12:04:18 :  Invalid Param: DDR3_CALIB_COL_ADD ==> 12'h000
MIG: 12:04:18 :  Invalid Param: DDR3_CALIB_BA_ADD ==> 3'h0
MIG: 12:04:18 :  Invalid Param: DDR3_TCQ ==> 100
MIG: 12:04:18 :  Invalid Param: DDR3_IDELAY_ADJ ==> "OFF"
MIG: 12:04:18 :  Invalid Param: DDR3_FINE_PER_BIT ==> "OFF"
MIG: 12:04:18 :  Invalid Param: DDR3_CENTER_COMP_MODE ==> "OFF"
MIG: 12:04:18 :  Invalid Param: DDR3_PI_VAL_ADJ ==> "OFF"
MIG: 12:04:18 :  Invalid Param: DDR3_IODELAY_GRP0 ==> "DESIGN_1_MIG_7SERIES_0_0_IODELAY_MIG0"
MIG: 12:04:18 :  Invalid Param: DDR3_IODELAY_GRP1 ==> "DESIGN_1_MIG_7SERIES_0_0_IODELAY_MIG1"
MIG: 12:04:18 :  Invalid Param: DDR3_SYSCLK_TYPE ==> "NO_BUFFER"
MIG: 12:04:18 :  Invalid Param: DDR3_REFCLK_TYPE ==> "NO_BUFFER"
MIG: 12:04:18 :  Invalid Param: DDR3_SYS_RST_PORT ==> "FALSE"
MIG: 12:04:18 :  Invalid Param: DDR3_FPGA_SPEED_GRADE ==> 1
MIG: 12:04:18 :  Invalid Param: DDR3_CMD_PIPE_PLUS1 ==> "ON"
MIG: 12:04:18 :  Invalid Param: DDR3_DRAM_TYPE ==> "DDR3"
MIG: 12:04:18 :  Invalid Param: DDR3_CAL_WIDTH ==> "HALF"
MIG: 12:04:18 :  Invalid Param: DDR3_STARVE_LIMIT ==> 2
MIG: 12:04:18 :  Invalid Param: DDR3_REF_CLK_MMCM_IODELAY_CTRL ==> "FALSE"
MIG: 12:04:18 :  Invalid Param: DDR3_REFCLK_FREQ ==> 200.0
MIG: 12:04:18 :  Invalid Param: DDR3_DIFF_TERM_REFCLK ==> "TRUE"
MIG: 12:04:18 :  Invalid Param: DDR3_tCK ==> 3000
MIG: 12:04:18 : 4
MIG: 12:04:18 :  Valid Param: DDR3_nCK_PER_CLK ==> 4
MIG: 12:04:18 :  Invalid Param: DDR3_DIFF_TERM_SYSCLK ==> "TRUE"
MIG: 12:04:18 : 
MIG: 12:04:18 :  Valid Param: UI_EXTRA_CLOCKS ==> FALSE
MIG: 12:04:18 : 
MIG: 12:04:18 :  Valid Param: C_S_AXI_ID_WIDTH ==> 4
MIG: 12:04:18 : 268435456
MIG: 12:04:18 :  Valid Param: C_S_AXI_MEM_SIZE ==> 268435456
MIG: 12:04:18 : 28
MIG: 12:04:18 :  Valid Param: C_S_AXI_ADDR_WIDTH ==> 28
MIG: 12:04:18 : 128
MIG: 12:04:18 :  Valid Param: C_S_AXI_DATA_WIDTH ==> 128
MIG: 12:04:18 :  Invalid Param: DDR3_C_MC_nCK_PER_CLK ==> 4
MIG: 12:04:18 :  Invalid Param: C_S_AXI_SUPPORTS_NARROW_BURST ==> 0
MIG: 12:04:18 :  Invalid Param: DDR3_C_RD_WR_ARB_ALGORITHM ==> "RD_PRI_REG"
MIG: 12:04:18 :  Invalid Param: C_S_AXI_REG_EN0 ==> 20'h00000
MIG: 12:04:18 :  Invalid Param: C_S_AXI_REG_EN1 ==> 20'h00000
MIG: 12:04:18 : 
MIG: 12:04:18 :  Valid Param: C_S_AXI_CTRL_ADDR_WIDTH ==> 32
MIG: 12:04:18 : 
MIG: 12:04:18 :  Valid Param: C_S_AXI_CTRL_DATA_WIDTH ==> 32
MIG: 12:04:18 :  Invalid Param: C_S_AXI_BASEADDR ==> 32'h0000_0000
MIG: 12:04:18 :  Invalid Param: C_ECC_ONOFF_RESET_VALUE ==> 1
MIG: 12:04:18 :  Invalid Param: C_ECC_CE_COUNTER_WIDTH ==> 8
MIG: 12:04:18 : 
MIG: 12:04:18 :  Valid Param: DDR3_DEBUG_PORT ==> OFF
MIG: 12:04:18 : 
MIG: 12:04:18 :  Invalid Param: DDR3_TEMP_MON_CONTROL ==> "INTERNAL"
MIG: 12:04:18 :  Invalid Param: DDR3_FPGA_VOLT_TYPE ==> "N"
MIG: 12:04:18 :  Invalid Param: DDR3_RST_ACT_LOW ==> 1
MIG: 12:04:18 : NOBUF
MIG: 12:04:18 : NOBUF
MIG: 12:04:18 : 
MIG: 12:04:18 : Same Interface
MIG: 12:06:46 : xml_input_file: board.prj
MIG: 12:06:46 : Absolute path of xml_input_file: e:/Development/zofija/sinus.srcs/sources_1/bd/design_1/ip/design_1_mig_7series_0_0/board.prj
MIG: 12:06:46 : In updateAllModelParams
MIG: 12:06:46 : IGN:     <ModuleName>design_1_mig_7series_0_0</ModuleName> <==>     <ModuleName>design_1_mig_7series_0_0</ModuleName> 
MIG: 12:06:46 : ERR:     <Version>2.3</Version> <==>     <Version>4.0</Version> 
MIG: 12:06:46 : ################# RUNNING MIG BATCH ###################
MIG: 12:06:46 : Writing IN file for 'design_1_mig_7series_0_0'...compDirPath: c:/Xilinx/Vivado/2017.4/data/ip/xilinx/mig_7series_v4_0... instDirPath: e:/Development/zofija/sinus.srcs/sources_1/bd/design_1/ip/design_1_mig_7series_0_0
MIG: 12:06:46 : synp_flow:  -- synthesis_mode: Other
MIG: 12:06:46 : outputDirectory: e:/Development/zofija/sinus.srcs/sources_1/bd/design_1/ip/design_1_mig_7series_0_0/_tmp/
MIG: 12:06:46 : vivado_mode: xpg_bd
MIG: 12:06:46 : isPortInterface: 0
MIG: 12:06:46 : isPortInterface: 0
MIG: 12:06:46 : isPortInterface: 0
MIG: 12:06:46 : isPortInterface: 0
MIG: 12:06:46 : isPortInterface: 0
MIG: 12:06:46 : isPortInterface: 0
MIG: 12:06:46 : isPortInterface: 0
MIG: 12:06:46 : isPortInterface: 0
MIG: 12:06:46 : isPortInterface: 0
MIG: 12:06:46 : isPortInterface: 0
MIG: 12:06:46 : isPortInterface: 0
MIG: 12:06:46 : isPortInterface: 0
MIG: 12:06:46 : isPortInterface: 0
MIG: 12:06:46 : isPortInterface: 0
MIG: 12:06:46 : isPortInterface: 0
MIG: 12:06:46 : isPortInterface: 0
MIG: 12:06:46 : isPortInterface: 0
MIG: 12:06:46 : isPortInterface: 0
MIG: 12:06:46 : isPortInterface: 0
MIG: 12:06:47 : isPortInterface: 0
MIG: 12:06:47 : isPortInterface: 0
MIG: 12:06:47 : isPortInterface: 0
MIG: 12:06:47 : isPortInterface: 0
MIG: 12:06:47 : isPortInterface: 0
MIG: 12:06:47 : isPortInterface: 0
MIG: 12:06:47 : isPortInterface: 0
MIG: 12:06:47 : isPortInterface: 0
MIG: 12:06:47 : isPortInterface: 0
MIG: 12:06:47 : isPortInterface: 0
MIG: 12:06:47 : isPortInterface: 0
MIG: 12:06:47 : isPortInterface: 0
MIG: 12:06:47 : isPortInterface: 0
MIG: 12:06:47 : isPortInterface: 0
MIG: 12:06:47 : isPortInterface: 0
MIG: 12:06:47 : isPortInterface: 0
MIG: 12:06:47 : isPortInterface: 0
MIG: 12:06:47 : isPortInterface: 0
MIG: 12:06:47 : isPortInterface: 0
MIG: 12:06:47 : isPortInterface: 0
MIG: 12:06:47 : isPortInterface: 0
MIG: 12:06:47 : isPortInterface: 0
MIG: 12:06:47 : isPortInterface: 0
MIG: 12:06:47 : isPortInterface: 0
MIG: 12:06:47 : isPortInterface: 0
MIG: 12:06:47 : isPortInterface: 0
MIG: 12:06:47 : isPortInterface: 0
MIG: 12:06:47 : isPortInterface: 0
MIG: 12:06:47 : isPortInterface: 0
MIG: 12:06:47 : isPortInterface: 0
MIG: 12:06:47 : isPortInterface: 0
MIG: 12:06:47 : isPortInterface: 0
MIG: 12:06:47 : isPortInterface: 0
MIG: 12:06:47 : isPortInterface: 0
MIG: 12:06:47 : isPortInterface: 0
MIG: 12:06:47 : isPortInterface: 0
MIG: 12:06:47 : isPortInterface: 0
MIG: 12:06:47 : isPortInterface: 0
MIG: 12:06:47 : isPortInterface: 0
MIG: 12:06:47 : isPortInterface: 0
MIG: 12:06:47 : isPortInterface: 0
MIG: 12:06:47 : isPortInterface: 0
MIG: 12:06:47 : isPortInterface: 0
MIG: 12:06:47 : isPortInterface: 0
MIG: 12:06:47 : isPortInterface: 0
MIG: 12:06:47 : isPortInterface: 0
MIG: 12:06:47 : isPortInterface: 0
MIG: 12:06:47 : isPortInterface: 0
MIG: 12:06:47 : isPortInterface: 0
MIG: 12:06:47 : isPortInterface: 0
MIG: 12:06:47 : isPortInterface: 0
MIG: 12:06:47 : isPortInterface: 0
MIG: 12:06:47 : isPortInterface: 0
MIG: 12:06:47 : isPortInterface: 0
MIG: 12:06:47 : isPortInterface: 0
MIG: 12:06:47 : isPortInterface: 0
MIG: 12:06:47 : isPortInterface: 0
MIG: 12:06:47 : isPortInterface: 0
MIG: 12:06:47 : isPortInterface: 0
MIG: 12:06:47 : isPortInterface: 0
MIG: 12:06:47 : isPortInterface: 0
MIG: 12:06:47 : isPortInterface: 0
MIG: 12:06:47 : isPortInterface: 0
MIG: 12:06:47 : isPortInterface: 0
MIG: 12:06:47 : isPortInterface: 0
MIG: 12:06:47 : isPortInterface: 0
MIG: 12:06:47 : isPortInterface: 0
MIG: 12:06:47 : isPortInterface: 0
MIG: 12:06:47 : isPortInterface: 0
MIG: 12:06:47 : isPortInterface: 0
MIG: 12:06:47 : isPortInterface: 0
MIG: 12:06:47 : isPortInterface: 0
MIG: 12:06:47 : isPortInterface: 0
MIG: 12:06:47 : isPortInterface: 0
MIG: 12:06:47 : isPortInterface: 0
MIG: 12:06:47 : isPortInterface: 0
MIG: 12:06:47 : isPortInterface: 0
MIG: 12:06:47 : isPortInterface: 0
MIG: 12:06:47 : isPortInterface: 0
MIG: 12:06:47 : isPortInterface: 0
MIG: 12:06:47 : isPortInterface: 0
MIG: 12:06:47 : isPortInterface: 0
MIG: 12:06:47 : isPortInterface: 0
MIG: 12:06:47 : isPortInterface: 0
MIG: 12:06:47 : isPortInterface: 0
MIG: 12:06:47 : isPortInterface: 0
MIG: 12:06:47 : isPortInterface: 0
MIG: 12:06:47 : isPortInterface: 0
MIG: 12:06:47 : isPortInterface: 0
MIG: 12:06:47 : isPortInterface: 0
MIG: 12:06:47 : isPortInterface: 0
MIG: 12:06:47 : isPortInterface: 0
MIG: 12:06:47 : isPortInterface: 0
MIG: 12:06:47 : isPortInterface: 0
MIG: 12:06:47 : isPortInterface: 0
MIG: 12:06:47 : isPortInterface: 0
MIG: 12:06:47 : isPortInterface: 0
MIG: 12:06:47 : isPortInterface: 0
MIG: 12:06:47 : isPortInterface: 0
MIG: 12:06:47 : isPortInterface: 0
MIG: 12:06:47 : isPortInterface: 0
MIG: 12:06:47 : isPortInterface: 0
MIG: 12:06:47 : isPortInterface: 0
MIG: 12:06:47 : isPortInterface: 0
MIG: 12:06:47 : isPortInterface: 1
MIG: 12:06:47 : isPortInterface: 0
MIG: 12:06:47 : isPortInterface: 0
MIG: 12:06:47 : isPortInterface: 0
MIG: 12:06:47 : isPortInterface: 0
MIG: 12:06:47 : isPortInterface: 0
MIG: 12:06:47 : isPortInterface: 0
MIG: 12:06:47 : isPortInterface: 0
MIG: 12:06:47 : isPortInterface: 0
MIG: 12:06:47 : isPortInterface: 0
MIG: 12:06:47 : isPortInterface: 0
MIG: 12:06:47 :  locked false  
MIG: 12:06:47 : HDL Language: Verilog
MIG: 12:06:47 : compInfo: true
MIG: 12:06:47 : Vivado Options xc7a35ti csg324 -1l
MIG: 12:06:47 : 1: xc7a35ti 2: csg324 3: -1l
MIG: 12:06:47 : relative mig path: coregen/ip/xilinx/other/com/xilinx/ip/mig_7series_v4_0/bin/nt64/mig.exe
MIG: 12:06:47 : xilinx_path: C:/Xilinx/Vivado/2017.4/ids_lite/ISE
MIG: 12:06:47 : I am in catch area
MIG: 12:06:47 : Running C:/Xilinx/Vivado/2017.4/ids_lite/ISE/coregen/ip/xilinx/other/com/xilinx/ip/mig_7series_v4_0/bin/nt64/mig.exe -cg_exc_inp e:/Development/zofija/sinus.srcs/sources_1/bd/design_1/ip/design_1_mig_7series_0_0/xil_txt.in -cg_exc_out e:/Development/zofija/sinus.srcs/sources_1/bd/design_1/ip/design_1_mig_7series_0_0/xil_txt.out ... 
MIG: 12:06:54 : XML_INPUT_FILE: e:/Development/zofija/sinus.srcs/sources_1/bd/design_1/ip/design_1_mig_7series_0_0/board.prj
MIG: 12:06:54 : Component_Name: design_1_mig_7series_0_0
MIG: 12:06:54 : Moving design_1_mig_7series_0_0 ...
MIG: 12:06:54 : Moving design_1_mig_7series_0_0.veo ...
MIG: 12:06:54 : Moving design_1_mig_7series_0_0_xmdf.tcl ...
MIG: 12:06:54 : XGUI hdlLanguage: Verilog
MIG: 12:06:54 : xgui vivado_mode: xpg_bd
MIG: 12:06:54 : xgui hdlLanguage: Verilog -- hdlExt: v
MIG: 12:06:54 : Reading E:/Development/zofija/sinus.srcs/sources_1/bd/design_1/ip/design_1_mig_7series_0_0/design_1_mig_7series_0_0/user_design/rtl/design_1_mig_7series_0_0_mig.v ...
MIG: 12:06:56 : 
MIG: 12:06:56 : Inside fn mem: DDR3
MIG: 12:06:56 : detect_uiclk: 83333333
MIG: 12:06:56 : cntrl:  memtype: DDR3
MIG: 12:06:56 : 
MIG: 12:06:56 :  MMCM_VCO single ctrl param_name: MMCM_VCO --  possibleMaxVcoVal: 666 
MIG: 12:06:56 : 
MIG: 12:06:56 : 
MIG: 12:06:56 : 
MIG: 12:06:56 : 
MIG: 12:06:56 :  polarity_value: 1
MIG: 12:06:56 : 
MIG: 12:06:56 : 
MIG: 12:06:56 : cntrl:  memtype: DDR3
MIG: 12:06:56 : 
MIG: 12:06:56 :  Valid Param: DDR3_BANK_WIDTH ==> 3
MIG: 12:06:56 : 
MIG: 12:06:56 :  Valid Param: DDR3_CK_WIDTH ==> 1
MIG: 12:06:56 :  Invalid Param: DDR3_COL_WIDTH ==> 10
MIG: 12:06:56 : 
MIG: 12:06:56 :  Valid Param: DDR3_CS_WIDTH ==> 1
MIG: 12:06:56 : 
MIG: 12:06:56 :  Valid Param: DDR3_nCS_PER_RANK ==> 1
MIG: 12:06:56 : 
MIG: 12:06:56 :  Valid Param: DDR3_CKE_WIDTH ==> 1
MIG: 12:06:56 :  Invalid Param: DDR3_DATA_BUF_ADDR_WIDTH ==> 5
MIG: 12:06:56 :  Invalid Param: DDR3_DQ_CNT_WIDTH ==> 4
MIG: 12:06:56 :  Invalid Param: DDR3_DQ_PER_DM ==> 8
MIG: 12:06:56 : 
MIG: 12:06:56 :  Valid Param: DDR3_DM_WIDTH ==> 2
MIG: 12:06:56 : 
MIG: 12:06:56 :  Valid Param: DDR3_DQ_WIDTH ==> 16
MIG: 12:06:56 : 
MIG: 12:06:56 :  Valid Param: DDR3_DQS_WIDTH ==> 2
MIG: 12:06:56 : 
MIG: 12:06:56 :  Valid Param: DDR3_DQS_CNT_WIDTH ==> 1
MIG: 12:06:56 :  Invalid Param: DDR3_DRAM_WIDTH ==> 8
MIG: 12:06:56 : 
MIG: 12:06:56 :  Valid Param: ECC ==> OFF
MIG: 12:06:56 : 
MIG: 12:06:56 :  Valid Param: DDR3_DATA_WIDTH ==> 16
MIG: 12:06:56 :  Invalid Param: ECC_TEST ==> "OFF"
MIG: 12:06:56 :  Invalid Param: DDR3_PAYLOAD_WIDTH ==> (ECC_TEST == "OFF") ? DATA_WIDTH : DQ_WIDTH
MIG: 12:06:56 :  Invalid Param: DDR3_MEM_ADDR_ORDER ==> "BANK_ROW_COLUMN"
MIG: 12:06:56 :  Invalid Param: DDR3_nBANK_MACHS ==> 4
MIG: 12:06:56 :  Invalid Param: DDR3_RANKS ==> 1
MIG: 12:06:56 : 
MIG: 12:06:56 :  Valid Param: DDR3_ODT_WIDTH ==> 1
MIG: 12:06:56 : 
MIG: 12:06:56 :  Valid Param: DDR3_ROW_WIDTH ==> 14
MIG: 12:06:56 : 
MIG: 12:06:56 :  Valid Param: DDR3_ADDR_WIDTH ==> 28
MIG: 12:06:56 : 
MIG: 12:06:56 :  Valid Param: DDR3_USE_CS_PORT ==> 1
MIG: 12:06:56 : 
MIG: 12:06:56 :  Valid Param: DDR3_USE_DM_PORT ==> 1
MIG: 12:06:56 : 
MIG: 12:06:56 :  Valid Param: DDR3_USE_ODT_PORT ==> 1
MIG: 12:06:56 :  Invalid Param: DDR3_IS_CLK_SHARED ==> "FALSE"
MIG: 12:06:56 :  Invalid Param: DDR3_PHY_CONTROL_MASTER_BANK ==> 0
MIG: 12:06:56 :  Invalid Param: DDR3_MEM_DENSITY ==> "2Gb"
MIG: 12:06:56 :  Invalid Param: DDR3_MEM_SPEEDGRADE ==> "15E"
MIG: 12:06:56 :  Invalid Param: DDR3_MEM_DEVICE_WIDTH ==> 16
MIG: 12:06:56 :  Invalid Param: DDR3_AL ==> "0"
MIG: 12:06:56 :  Invalid Param: DDR3_nAL ==> 0
MIG: 12:06:56 :  Invalid Param: DDR3_BURST_MODE ==> "8"
MIG: 12:06:56 :  Invalid Param: DDR3_BURST_TYPE ==> "SEQ"
MIG: 12:06:56 :  Invalid Param: DDR3_CL ==> 5
MIG: 12:06:56 :  Invalid Param: DDR3_CWL ==> 5
MIG: 12:06:56 :  Invalid Param: DDR3_OUTPUT_DRV ==> "LOW"
MIG: 12:06:56 :  Invalid Param: DDR3_RTT_NOM ==> "40"
MIG: 12:06:56 :  Invalid Param: DDR3_RTT_WR ==> "OFF"
MIG: 12:06:56 :  Invalid Param: DDR3_ADDR_CMD_MODE ==> "1T"
MIG: 12:06:56 : 
MIG: 12:06:56 :  Valid Param: DDR3_REG_CTRL ==> OFF
MIG: 12:06:56 :  Invalid Param: DDR3_CA_MIRROR ==> "OFF"
MIG: 12:06:56 :  Invalid Param: DDR3_VDD_OP_VOLT ==> "135"
MIG: 12:06:56 :  Invalid Param: DDR3_CLKIN_PERIOD ==> 6000
MIG: 12:06:56 :  Invalid Param: DDR3_CLKFBOUT_MULT ==> 8
MIG: 12:06:56 :  Invalid Param: DDR3_DIVCLK_DIVIDE ==> 1
MIG: 12:06:56 :  Invalid Param: DDR3_CLKOUT0_PHASE ==> 0.0
MIG: 12:06:56 :  Invalid Param: DDR3_CLKOUT0_DIVIDE ==> 2
MIG: 12:06:56 :  Invalid Param: DDR3_CLKOUT1_DIVIDE ==> 4
MIG: 12:06:56 :  Invalid Param: DDR3_CLKOUT2_DIVIDE ==> 64
MIG: 12:06:56 :  Invalid Param: DDR3_CLKOUT3_DIVIDE ==> 16
MIG: 12:06:56 :  Invalid Param: DDR3_MMCM_VCO ==> 666
MIG: 12:06:56 :  Invalid Param: DDR3_MMCM_MULT_F ==> 8
MIG: 12:06:56 :  Invalid Param: DDR3_MMCM_DIVCLK_DIVIDE ==> 1
MIG: 12:06:56 :  Invalid Param: DDR3_tCKE ==> 5625
MIG: 12:06:56 :  Invalid Param: DDR3_tFAW ==> 45000
MIG: 12:06:56 :  Invalid Param: DDR3_tPRDI ==> 1_000_000
MIG: 12:06:56 :  Invalid Param: DDR3_tRAS ==> 36000
MIG: 12:06:56 :  Invalid Param: DDR3_tRCD ==> 13500
MIG: 12:06:56 :  Invalid Param: DDR3_tREFI ==> 7800000
MIG: 12:06:56 :  Invalid Param: DDR3_tRFC ==> 160000
MIG: 12:06:56 :  Invalid Param: DDR3_tRP ==> 13500
MIG: 12:06:56 :  Invalid Param: DDR3_tRRD ==> 7500
MIG: 12:06:56 :  Invalid Param: DDR3_tRTP ==> 7500
MIG: 12:06:56 :  Invalid Param: DDR3_tWTR ==> 7500
MIG: 12:06:56 :  Invalid Param: DDR3_tZQI ==> 128_000_000
MIG: 12:06:56 :  Invalid Param: DDR3_tZQCS ==> 64
MIG: 12:06:56 :  Invalid Param: DDR3_SIM_BYPASS_INIT_CAL ==> "OFF"
MIG: 12:06:56 :  Invalid Param: DDR3_SIMULATION ==> "FALSE"
MIG: 12:06:56 :  Invalid Param: DDR3_BYTE_LANES_B0 ==> 4'b1111
MIG: 12:06:56 :  Invalid Param: DDR3_BYTE_LANES_B1 ==> 4'b0000
MIG: 12:06:56 :  Invalid Param: DDR3_BYTE_LANES_B2 ==> 4'b0000
MIG: 12:06:56 :  Invalid Param: DDR3_BYTE_LANES_B3 ==> 4'b0000
MIG: 12:06:56 :  Invalid Param: DDR3_BYTE_LANES_B4 ==> 4'b0000
MIG: 12:06:56 :  Invalid Param: DDR3_DATA_CTL_B0 ==> 4'b1100
MIG: 12:06:56 :  Invalid Param: DDR3_DATA_CTL_B1 ==> 4'b0000
MIG: 12:06:56 :  Invalid Param: DDR3_DATA_CTL_B2 ==> 4'b0000
MIG: 12:06:56 :  Invalid Param: DDR3_DATA_CTL_B3 ==> 4'b0000
MIG: 12:06:56 :  Invalid Param: DDR3_DATA_CTL_B4 ==> 4'b0000
MIG: 12:06:56 :  Invalid Param: DDR3_PHY_0_BITLANES ==> 48'h3FE_3FE_FFF_BFF
MIG: 12:06:56 :  Invalid Param: DDR3_PHY_1_BITLANES ==> 48'h000_000_000_000
MIG: 12:06:56 :  Invalid Param: DDR3_PHY_2_BITLANES ==> 48'h000_000_000_000
MIG: 12:06:56 :  Invalid Param: DDR3_CK_BYTE_MAP ==> 144'h00_00_00_00_00_00_00_00_00_00_00_00_00_00_00_00_00_00
MIG: 12:06:56 :  Invalid Param: DDR3_ADDR_MAP ==> 192'h000_000_000_002_004_009_007_001_005_006_003_010_012_014_011_01A
MIG: 12:06:56 :  Invalid Param: DDR3_BANK_MAP ==> 36'h01B_017_013
MIG: 12:06:56 :  Invalid Param: DDR3_CAS_MAP ==> 12'h015
MIG: 12:06:56 :  Invalid Param: DDR3_CKE_ODT_BYTE_MAP ==> 8'h00
MIG: 12:06:56 :  Invalid Param: DDR3_CKE_MAP ==> 96'h000_000_000_000_000_000_000_019
MIG: 12:06:56 :  Invalid Param: DDR3_ODT_MAP ==> 96'h000_000_000_000_000_000_000_008
MIG: 12:06:56 :  Invalid Param: DDR3_CS_MAP ==> 120'h000_000_000_000_000_000_000_000_000_00B
MIG: 12:06:56 :  Invalid Param: DDR3_PARITY_MAP ==> 12'h000
MIG: 12:06:56 :  Invalid Param: DDR3_RAS_MAP ==> 12'h016
MIG: 12:06:56 :  Invalid Param: DDR3_WE_MAP ==> 12'h018
MIG: 12:06:56 :  Invalid Param: DDR3_DQS_BYTE_MAP ==> 144'h00_00_00_00_00_00_00_00_00_00_00_00_00_00_00_00_02_03
MIG: 12:06:56 :  Invalid Param: DDR3_DATA0_MAP ==> 96'h034_032_038_035_031_037_036_033
MIG: 12:06:56 :  Invalid Param: DDR3_DATA1_MAP ==> 96'h023_026_022_028_025_027_021_024
MIG: 12:06:56 :  Invalid Param: DDR3_DATA2_MAP ==> 96'h000_000_000_000_000_000_000_000
MIG: 12:06:56 :  Invalid Param: DDR3_DATA3_MAP ==> 96'h000_000_000_000_000_000_000_000
MIG: 12:06:56 :  Invalid Param: DDR3_DATA4_MAP ==> 96'h000_000_000_000_000_000_000_000
MIG: 12:06:56 :  Invalid Param: DDR3_DATA5_MAP ==> 96'h000_000_000_000_000_000_000_000
MIG: 12:06:56 :  Invalid Param: DDR3_DATA6_MAP ==> 96'h000_000_000_000_000_000_000_000
MIG: 12:06:56 :  Invalid Param: DDR3_DATA7_MAP ==> 96'h000_000_000_000_000_000_000_000
MIG: 12:06:56 :  Invalid Param: DDR3_DATA8_MAP ==> 96'h000_000_000_000_000_000_000_000
MIG: 12:06:56 :  Invalid Param: DDR3_DATA9_MAP ==> 96'h000_000_000_000_000_000_000_000
MIG: 12:06:56 :  Invalid Param: DDR3_DATA10_MAP ==> 96'h000_000_000_000_000_000_000_000
MIG: 12:06:56 :  Invalid Param: DDR3_DATA11_MAP ==> 96'h000_000_000_000_000_000_000_000
MIG: 12:06:56 :  Invalid Param: DDR3_DATA12_MAP ==> 96'h000_000_000_000_000_000_000_000
MIG: 12:06:56 :  Invalid Param: DDR3_DATA13_MAP ==> 96'h000_000_000_000_000_000_000_000
MIG: 12:06:56 :  Invalid Param: DDR3_DATA14_MAP ==> 96'h000_000_000_000_000_000_000_000
MIG: 12:06:56 :  Invalid Param: DDR3_DATA15_MAP ==> 96'h000_000_000_000_000_000_000_000
MIG: 12:06:56 :  Invalid Param: DDR3_DATA16_MAP ==> 96'h000_000_000_000_000_000_000_000
MIG: 12:06:56 :  Invalid Param: DDR3_DATA17_MAP ==> 96'h000_000_000_000_000_000_000_000
MIG: 12:06:56 :  Invalid Param: DDR3_MASK0_MAP ==> 108'h000_000_000_000_000_000_000_029_039
MIG: 12:06:56 :  Invalid Param: DDR3_MASK1_MAP ==> 108'h000_000_000_000_000_000_000_000_000
MIG: 12:06:56 :  Invalid Param: DDR3_SLOT_0_CONFIG ==> 8'b0000_0001
MIG: 12:06:56 :  Invalid Param: DDR3_SLOT_1_CONFIG ==> 8'b0000_0000
MIG: 12:06:56 :  Invalid Param: DDR3_IBUF_LPWR_MODE ==> "OFF"
MIG: 12:06:56 :  Invalid Param: DDR3_DATA_IO_IDLE_PWRDWN ==> "ON"
MIG: 12:06:56 :  Invalid Param: DDR3_BANK_TYPE ==> "HR_IO"
MIG: 12:06:56 :  Invalid Param: DDR3_DATA_IO_PRIM_TYPE ==> "HR_LP"
MIG: 12:06:56 :  Invalid Param: DDR3_CKE_ODT_AUX ==> "FALSE"
MIG: 12:06:56 :  Invalid Param: DDR3_USER_REFRESH ==> "OFF"
MIG: 12:06:56 :  Invalid Param: DDR3_WRLVL ==> "ON"
MIG: 12:06:56 :  Invalid Param: DDR3_ORDERING ==> "NORM"
MIG: 12:06:56 :  Invalid Param: DDR3_CALIB_ROW_ADD ==> 16'h0000
MIG: 12:06:56 :  Invalid Param: DDR3_CALIB_COL_ADD ==> 12'h000
MIG: 12:06:56 :  Invalid Param: DDR3_CALIB_BA_ADD ==> 3'h0
MIG: 12:06:56 :  Invalid Param: DDR3_TCQ ==> 100
MIG: 12:06:56 :  Invalid Param: DDR3_IDELAY_ADJ ==> "OFF"
MIG: 12:06:56 :  Invalid Param: DDR3_FINE_PER_BIT ==> "OFF"
MIG: 12:06:56 :  Invalid Param: DDR3_CENTER_COMP_MODE ==> "OFF"
MIG: 12:06:56 :  Invalid Param: DDR3_PI_VAL_ADJ ==> "OFF"
MIG: 12:06:56 :  Invalid Param: DDR3_IODELAY_GRP0 ==> "DESIGN_1_MIG_7SERIES_0_0_IODELAY_MIG0"
MIG: 12:06:56 :  Invalid Param: DDR3_IODELAY_GRP1 ==> "DESIGN_1_MIG_7SERIES_0_0_IODELAY_MIG1"
MIG: 12:06:56 :  Invalid Param: DDR3_SYSCLK_TYPE ==> "NO_BUFFER"
MIG: 12:06:56 :  Invalid Param: DDR3_REFCLK_TYPE ==> "NO_BUFFER"
MIG: 12:06:56 :  Invalid Param: DDR3_SYS_RST_PORT ==> "FALSE"
MIG: 12:06:56 :  Invalid Param: DDR3_FPGA_SPEED_GRADE ==> 1
MIG: 12:06:56 :  Invalid Param: DDR3_CMD_PIPE_PLUS1 ==> "ON"
MIG: 12:06:56 :  Invalid Param: DDR3_DRAM_TYPE ==> "DDR3"
MIG: 12:06:56 :  Invalid Param: DDR3_CAL_WIDTH ==> "HALF"
MIG: 12:06:56 :  Invalid Param: DDR3_STARVE_LIMIT ==> 2
MIG: 12:06:56 :  Invalid Param: DDR3_REF_CLK_MMCM_IODELAY_CTRL ==> "FALSE"
MIG: 12:06:56 :  Invalid Param: DDR3_REFCLK_FREQ ==> 200.0
MIG: 12:06:56 :  Invalid Param: DDR3_DIFF_TERM_REFCLK ==> "TRUE"
MIG: 12:06:56 :  Invalid Param: DDR3_tCK ==> 3000
MIG: 12:06:56 : 
MIG: 12:06:57 :  Valid Param: DDR3_nCK_PER_CLK ==> 4
MIG: 12:06:57 :  Invalid Param: DDR3_DIFF_TERM_SYSCLK ==> "TRUE"
MIG: 12:06:57 : 
MIG: 12:06:57 :  Valid Param: UI_EXTRA_CLOCKS ==> FALSE
MIG: 12:06:57 : 
MIG: 12:06:57 :  Valid Param: C_S_AXI_ID_WIDTH ==> 4
MIG: 12:06:57 : 
MIG: 12:06:57 :  Valid Param: C_S_AXI_MEM_SIZE ==> 268435456
MIG: 12:06:57 : 
MIG: 12:06:57 :  Valid Param: C_S_AXI_ADDR_WIDTH ==> 28
MIG: 12:06:57 : 
MIG: 12:06:57 :  Valid Param: C_S_AXI_DATA_WIDTH ==> 128
MIG: 12:06:57 :  Invalid Param: DDR3_C_MC_nCK_PER_CLK ==> 4
MIG: 12:06:57 :  Invalid Param: C_S_AXI_SUPPORTS_NARROW_BURST ==> 0
MIG: 12:06:57 :  Invalid Param: DDR3_C_RD_WR_ARB_ALGORITHM ==> "RD_PRI_REG"
MIG: 12:06:57 :  Invalid Param: C_S_AXI_REG_EN0 ==> 20'h00000
MIG: 12:06:57 :  Invalid Param: C_S_AXI_REG_EN1 ==> 20'h00000
MIG: 12:06:57 : 
MIG: 12:06:57 :  Valid Param: C_S_AXI_CTRL_ADDR_WIDTH ==> 32
MIG: 12:06:57 : 
MIG: 12:06:57 :  Valid Param: C_S_AXI_CTRL_DATA_WIDTH ==> 32
MIG: 12:06:57 :  Invalid Param: C_S_AXI_BASEADDR ==> 32'h0000_0000
MIG: 12:06:57 :  Invalid Param: C_ECC_ONOFF_RESET_VALUE ==> 1
MIG: 12:06:57 :  Invalid Param: C_ECC_CE_COUNTER_WIDTH ==> 8
MIG: 12:06:57 : 
MIG: 12:06:57 :  Valid Param: DDR3_DEBUG_PORT ==> OFF
MIG: 12:06:57 : 
MIG: 12:06:57 :  Invalid Param: DDR3_TEMP_MON_CONTROL ==> "INTERNAL"
MIG: 12:06:57 :  Invalid Param: DDR3_FPGA_VOLT_TYPE ==> "N"
MIG: 12:06:57 :  Invalid Param: DDR3_RST_ACT_LOW ==> 1
MIG: 12:06:57 : 
MIG: 12:06:57 : 
MIG: 12:06:57 : 
MIG: 12:06:57 : Same Interface
MIG: 12:19:53 : Running synthesis.xit
MIG: 12:19:53 : IGN:     <ModuleName>design_1_mig_7series_0_0</ModuleName> <==>     <ModuleName>design_1_mig_7series_0_0</ModuleName> 
MIG: 12:19:53 : ERR:     <Version>2.3</Version> <==>     <Version>4.0</Version> 
MIG: 12:19:53 : ################# RUNNING MIG BATCH ###################
MIG: 12:19:53 : Writing IN file for 'design_1_mig_7series_0_0'...compDirPath: c:/Xilinx/Vivado/2017.4/data/ip/xilinx/mig_7series_v4_0... instDirPath: e:/Development/zofija/sinus.srcs/sources_1/bd/design_1/ip/design_1_mig_7series_0_0
MIG: 12:19:53 : synp_flow:  -- synthesis_mode: Other
MIG: 12:19:53 : outputDirectory: e:/Development/zofija/sinus.srcs/sources_1/bd/design_1/ip/design_1_mig_7series_0_0/_tmp/
MIG: 12:19:53 : vivado_mode: xpg_bd
MIG: 12:19:53 : isPortInterface: 0
MIG: 12:19:53 : isPortInterface: 0
MIG: 12:19:53 : isPortInterface: 0
MIG: 12:19:53 : isPortInterface: 0
MIG: 12:19:53 : isPortInterface: 0
MIG: 12:19:53 : isPortInterface: 0
MIG: 12:19:53 : isPortInterface: 0
MIG: 12:19:53 : isPortInterface: 0
MIG: 12:19:53 : isPortInterface: 0
MIG: 12:19:53 : isPortInterface: 0
MIG: 12:19:53 : isPortInterface: 0
MIG: 12:19:53 : isPortInterface: 0
MIG: 12:19:53 : isPortInterface: 0
MIG: 12:19:53 : isPortInterface: 0
MIG: 12:19:53 : isPortInterface: 0
MIG: 12:19:53 : isPortInterface: 0
MIG: 12:19:53 : isPortInterface: 0
MIG: 12:19:53 : isPortInterface: 0
MIG: 12:19:53 : isPortInterface: 0
MIG: 12:19:53 : isPortInterface: 0
MIG: 12:19:53 : isPortInterface: 0
MIG: 12:19:53 : isPortInterface: 0
MIG: 12:19:53 : isPortInterface: 0
MIG: 12:19:53 : isPortInterface: 0
MIG: 12:19:53 : isPortInterface: 0
MIG: 12:19:53 : isPortInterface: 0
MIG: 12:19:53 : isPortInterface: 0
MIG: 12:19:53 : isPortInterface: 0
MIG: 12:19:53 : isPortInterface: 0
MIG: 12:19:53 : isPortInterface: 0
MIG: 12:19:53 : isPortInterface: 0
MIG: 12:19:53 : isPortInterface: 0
MIG: 12:19:53 : isPortInterface: 0
MIG: 12:19:53 : isPortInterface: 0
MIG: 12:19:53 : isPortInterface: 0
MIG: 12:19:53 : isPortInterface: 0
MIG: 12:19:53 : isPortInterface: 0
MIG: 12:19:53 : isPortInterface: 0
MIG: 12:19:53 : isPortInterface: 0
MIG: 12:19:53 : isPortInterface: 0
MIG: 12:19:53 : isPortInterface: 0
MIG: 12:19:53 : isPortInterface: 0
MIG: 12:19:53 : isPortInterface: 0
MIG: 12:19:53 : isPortInterface: 0
MIG: 12:19:53 : isPortInterface: 0
MIG: 12:19:53 : isPortInterface: 0
MIG: 12:19:53 : isPortInterface: 0
MIG: 12:19:53 : isPortInterface: 0
MIG: 12:19:53 : isPortInterface: 0
MIG: 12:19:53 : isPortInterface: 0
MIG: 12:19:53 : isPortInterface: 0
MIG: 12:19:53 : isPortInterface: 0
MIG: 12:19:53 : isPortInterface: 0
MIG: 12:19:53 : isPortInterface: 0
MIG: 12:19:53 : isPortInterface: 0
MIG: 12:19:53 : isPortInterface: 0
MIG: 12:19:53 : isPortInterface: 0
MIG: 12:19:53 : isPortInterface: 0
MIG: 12:19:53 : isPortInterface: 0
MIG: 12:19:53 : isPortInterface: 0
MIG: 12:19:53 : isPortInterface: 0
MIG: 12:19:53 : isPortInterface: 0
MIG: 12:19:53 : isPortInterface: 0
MIG: 12:19:53 : isPortInterface: 0
MIG: 12:19:53 : isPortInterface: 0
MIG: 12:19:53 : isPortInterface: 0
MIG: 12:19:53 : isPortInterface: 0
MIG: 12:19:53 : isPortInterface: 0
MIG: 12:19:53 : isPortInterface: 0
MIG: 12:19:53 : isPortInterface: 0
MIG: 12:19:53 : isPortInterface: 0
MIG: 12:19:53 : isPortInterface: 0
MIG: 12:19:53 : isPortInterface: 0
MIG: 12:19:53 : isPortInterface: 0
MIG: 12:19:53 : isPortInterface: 0
MIG: 12:19:53 : isPortInterface: 0
MIG: 12:19:53 : isPortInterface: 0
MIG: 12:19:53 : isPortInterface: 0
MIG: 12:19:53 : isPortInterface: 0
MIG: 12:19:53 : isPortInterface: 0
MIG: 12:19:53 : isPortInterface: 0
MIG: 12:19:53 : isPortInterface: 0
MIG: 12:19:53 : isPortInterface: 0
MIG: 12:19:53 : isPortInterface: 0
MIG: 12:19:53 : isPortInterface: 0
MIG: 12:19:53 : isPortInterface: 0
MIG: 12:19:53 : isPortInterface: 0
MIG: 12:19:53 : isPortInterface: 0
MIG: 12:19:53 : isPortInterface: 0
MIG: 12:19:53 : isPortInterface: 0
MIG: 12:19:53 : isPortInterface: 0
MIG: 12:19:53 : isPortInterface: 0
MIG: 12:19:53 : isPortInterface: 0
MIG: 12:19:53 : isPortInterface: 0
MIG: 12:19:53 : isPortInterface: 0
MIG: 12:19:53 : isPortInterface: 0
MIG: 12:19:53 : isPortInterface: 0
MIG: 12:19:53 : isPortInterface: 0
MIG: 12:19:53 : isPortInterface: 0
MIG: 12:19:53 : isPortInterface: 0
MIG: 12:19:53 : isPortInterface: 0
MIG: 12:19:53 : isPortInterface: 0
MIG: 12:19:54 : isPortInterface: 0
MIG: 12:19:54 : isPortInterface: 0
MIG: 12:19:54 : isPortInterface: 0
MIG: 12:19:54 : isPortInterface: 0
MIG: 12:19:54 : isPortInterface: 0
MIG: 12:19:54 : isPortInterface: 0
MIG: 12:19:54 : isPortInterface: 0
MIG: 12:19:54 : isPortInterface: 0
MIG: 12:19:54 : isPortInterface: 0
MIG: 12:19:54 : isPortInterface: 0
MIG: 12:19:54 : isPortInterface: 0
MIG: 12:19:54 : isPortInterface: 0
MIG: 12:19:54 : isPortInterface: 0
MIG: 12:19:54 : isPortInterface: 0
MIG: 12:19:54 : isPortInterface: 0
MIG: 12:19:54 : isPortInterface: 0
MIG: 12:19:54 : isPortInterface: 0
MIG: 12:19:54 : isPortInterface: 0
MIG: 12:19:54 : isPortInterface: 0
MIG: 12:19:54 : isPortInterface: 0
MIG: 12:19:54 : isPortInterface: 0
MIG: 12:19:54 : isPortInterface: 1
MIG: 12:19:54 : isPortInterface: 0
MIG: 12:19:54 : isPortInterface: 0
MIG: 12:19:54 : isPortInterface: 0
MIG: 12:19:54 : isPortInterface: 0
MIG: 12:19:54 : isPortInterface: 0
MIG: 12:19:54 : isPortInterface: 0
MIG: 12:19:54 : isPortInterface: 0
MIG: 12:19:54 : isPortInterface: 0
MIG: 12:19:54 : isPortInterface: 0
MIG: 12:19:54 : isPortInterface: 0
MIG: 12:19:54 :  locked false  
MIG: 12:19:54 : HDL Language: Verilog
MIG: 12:19:54 : compInfo: false
MIG: 12:19:54 : Vivado Options xc7a35ti csg324 -1l
MIG: 12:19:54 : 1: xc7a35ti 2: csg324 3: -1l
MIG: 12:19:54 : relative mig path: coregen/ip/xilinx/other/com/xilinx/ip/mig_7series_v4_0/bin/nt64/mig.exe
MIG: 12:19:54 : xilinx_path: C:/Xilinx/Vivado/2017.4/ids_lite/ISE
MIG: 12:19:54 : I am in catch area
MIG: 12:19:54 : Running C:/Xilinx/Vivado/2017.4/ids_lite/ISE/coregen/ip/xilinx/other/com/xilinx/ip/mig_7series_v4_0/bin/nt64/mig.exe -cg_exc_inp e:/Development/zofija/sinus.srcs/sources_1/bd/design_1/ip/design_1_mig_7series_0_0/xil_txt.in -cg_exc_out e:/Development/zofija/sinus.srcs/sources_1/bd/design_1/ip/design_1_mig_7series_0_0/xil_txt.out ... 
MIG: 12:20:01 : XML_INPUT_FILE: e:/Development/zofija/sinus.srcs/sources_1/bd/design_1/ip/design_1_mig_7series_0_0/board.prj
MIG: 12:20:01 : Component_Name: design_1_mig_7series_0_0
MIG: 12:20:01 : Moving design_1_mig_7series_0_0 ...
MIG: 12:20:01 : Moving design_1_mig_7series_0_0.veo ...
MIG: 12:20:01 : Moving design_1_mig_7series_0_0_xmdf.tcl ...
MIG: 12:20:01 : Running vlog_synth_rpr.xit
MIG: 12:20:01 : IGN:     <ModuleName>design_1_mig_7series_0_0</ModuleName> <==>     <ModuleName>design_1_mig_7series_0_0</ModuleName> 
MIG: 12:20:01 : ERR:     <Version>2.3</Version> <==>     <Version>4.0</Version> 
MIG: 12:20:01 : ################# RUNNING MIG BATCH ###################
MIG: 12:20:01 : Writing IN file for 'design_1_mig_7series_0_0'...compDirPath: c:/Xilinx/Vivado/2017.4/data/ip/xilinx/mig_7series_v4_0... instDirPath: e:/Development/zofija/sinus.srcs/sources_1/bd/design_1/ip/design_1_mig_7series_0_0
MIG: 12:20:01 : synp_flow:  -- synthesis_mode: Other
MIG: 12:20:02 : outputDirectory: e:/Development/zofija/sinus.srcs/sources_1/bd/design_1/ip/design_1_mig_7series_0_0/_tmp/
MIG: 12:20:02 : vivado_mode: xpg_bd
MIG: 12:20:02 : isPortInterface: 0
MIG: 12:20:02 : isPortInterface: 0
MIG: 12:20:02 : isPortInterface: 0
MIG: 12:20:02 : isPortInterface: 0
MIG: 12:20:02 : isPortInterface: 0
MIG: 12:20:02 : isPortInterface: 0
MIG: 12:20:02 : isPortInterface: 0
MIG: 12:20:02 : isPortInterface: 0
MIG: 12:20:02 : isPortInterface: 0
MIG: 12:20:02 : isPortInterface: 0
MIG: 12:20:02 : isPortInterface: 0
MIG: 12:20:02 : isPortInterface: 0
MIG: 12:20:02 : isPortInterface: 0
MIG: 12:20:02 : isPortInterface: 0
MIG: 12:20:02 : isPortInterface: 0
MIG: 12:20:02 : isPortInterface: 0
MIG: 12:20:02 : isPortInterface: 0
MIG: 12:20:02 : isPortInterface: 0
MIG: 12:20:02 : isPortInterface: 0
MIG: 12:20:02 : isPortInterface: 0
MIG: 12:20:02 : isPortInterface: 0
MIG: 12:20:02 : isPortInterface: 0
MIG: 12:20:02 : isPortInterface: 0
MIG: 12:20:02 : isPortInterface: 0
MIG: 12:20:02 : isPortInterface: 0
MIG: 12:20:02 : isPortInterface: 0
MIG: 12:20:02 : isPortInterface: 0
MIG: 12:20:02 : isPortInterface: 0
MIG: 12:20:02 : isPortInterface: 0
MIG: 12:20:02 : isPortInterface: 0
MIG: 12:20:02 : isPortInterface: 0
MIG: 12:20:02 : isPortInterface: 0
MIG: 12:20:02 : isPortInterface: 0
MIG: 12:20:02 : isPortInterface: 0
MIG: 12:20:02 : isPortInterface: 0
MIG: 12:20:02 : isPortInterface: 0
MIG: 12:20:02 : isPortInterface: 0
MIG: 12:20:02 : isPortInterface: 0
MIG: 12:20:02 : isPortInterface: 0
MIG: 12:20:02 : isPortInterface: 0
MIG: 12:20:02 : isPortInterface: 0
MIG: 12:20:02 : isPortInterface: 0
MIG: 12:20:02 : isPortInterface: 0
MIG: 12:20:02 : isPortInterface: 0
MIG: 12:20:02 : isPortInterface: 0
MIG: 12:20:02 : isPortInterface: 0
MIG: 12:20:02 : isPortInterface: 0
MIG: 12:20:02 : isPortInterface: 0
MIG: 12:20:02 : isPortInterface: 0
MIG: 12:20:02 : isPortInterface: 0
MIG: 12:20:02 : isPortInterface: 0
MIG: 12:20:02 : isPortInterface: 0
MIG: 12:20:02 : isPortInterface: 0
MIG: 12:20:02 : isPortInterface: 0
MIG: 12:20:02 : isPortInterface: 0
MIG: 12:20:02 : isPortInterface: 0
MIG: 12:20:02 : isPortInterface: 0
MIG: 12:20:02 : isPortInterface: 0
MIG: 12:20:02 : isPortInterface: 0
MIG: 12:20:02 : isPortInterface: 0
MIG: 12:20:02 : isPortInterface: 0
MIG: 12:20:02 : isPortInterface: 0
MIG: 12:20:02 : isPortInterface: 0
MIG: 12:20:02 : isPortInterface: 0
MIG: 12:20:02 : isPortInterface: 0
MIG: 12:20:02 : isPortInterface: 0
MIG: 12:20:02 : isPortInterface: 0
MIG: 12:20:02 : isPortInterface: 0
MIG: 12:20:02 : isPortInterface: 0
MIG: 12:20:02 : isPortInterface: 0
MIG: 12:20:02 : isPortInterface: 0
MIG: 12:20:02 : isPortInterface: 0
MIG: 12:20:02 : isPortInterface: 0
MIG: 12:20:02 : isPortInterface: 0
MIG: 12:20:02 : isPortInterface: 0
MIG: 12:20:02 : isPortInterface: 0
MIG: 12:20:02 : isPortInterface: 0
MIG: 12:20:02 : isPortInterface: 0
MIG: 12:20:02 : isPortInterface: 0
MIG: 12:20:02 : isPortInterface: 0
MIG: 12:20:02 : isPortInterface: 0
MIG: 12:20:02 : isPortInterface: 0
MIG: 12:20:02 : isPortInterface: 0
MIG: 12:20:02 : isPortInterface: 0
MIG: 12:20:02 : isPortInterface: 0
MIG: 12:20:02 : isPortInterface: 0
MIG: 12:20:02 : isPortInterface: 0
MIG: 12:20:02 : isPortInterface: 0
MIG: 12:20:02 : isPortInterface: 0
MIG: 12:20:02 : isPortInterface: 0
MIG: 12:20:02 : isPortInterface: 0
MIG: 12:20:02 : isPortInterface: 0
MIG: 12:20:02 : isPortInterface: 0
MIG: 12:20:02 : isPortInterface: 0
MIG: 12:20:02 : isPortInterface: 0
MIG: 12:20:02 : isPortInterface: 0
MIG: 12:20:02 : isPortInterface: 0
MIG: 12:20:02 : isPortInterface: 0
MIG: 12:20:02 : isPortInterface: 0
MIG: 12:20:02 : isPortInterface: 0
MIG: 12:20:02 : isPortInterface: 0
MIG: 12:20:02 : isPortInterface: 0
MIG: 12:20:02 : isPortInterface: 0
MIG: 12:20:02 : isPortInterface: 0
MIG: 12:20:02 : isPortInterface: 0
MIG: 12:20:02 : isPortInterface: 0
MIG: 12:20:02 : isPortInterface: 0
MIG: 12:20:02 : isPortInterface: 0
MIG: 12:20:02 : isPortInterface: 0
MIG: 12:20:02 : isPortInterface: 0
MIG: 12:20:02 : isPortInterface: 0
MIG: 12:20:02 : isPortInterface: 0
MIG: 12:20:02 : isPortInterface: 0
MIG: 12:20:02 : isPortInterface: 0
MIG: 12:20:02 : isPortInterface: 0
MIG: 12:20:02 : isPortInterface: 0
MIG: 12:20:02 : isPortInterface: 0
MIG: 12:20:02 : isPortInterface: 0
MIG: 12:20:02 : isPortInterface: 0
MIG: 12:20:02 : isPortInterface: 0
MIG: 12:20:02 : isPortInterface: 0
MIG: 12:20:02 : isPortInterface: 0
MIG: 12:20:02 : isPortInterface: 0
MIG: 12:20:02 : isPortInterface: 1
MIG: 12:20:02 : isPortInterface: 0
MIG: 12:20:02 : isPortInterface: 0
MIG: 12:20:02 : isPortInterface: 0
MIG: 12:20:02 : isPortInterface: 0
MIG: 12:20:02 : isPortInterface: 0
MIG: 12:20:02 : isPortInterface: 0
MIG: 12:20:02 : isPortInterface: 0
MIG: 12:20:02 : isPortInterface: 0
MIG: 12:20:02 : isPortInterface: 0
MIG: 12:20:02 : isPortInterface: 0
MIG: 12:20:02 :  locked false  
MIG: 12:20:02 : HDL Language: Verilog
MIG: 12:20:02 : compInfo: false
MIG: 12:20:02 : Vivado Options xc7a35ti csg324 -1l
MIG: 12:20:02 : 1: xc7a35ti 2: csg324 3: -1l
MIG: 12:20:02 : relative mig path: coregen/ip/xilinx/other/com/xilinx/ip/mig_7series_v4_0/bin/nt64/mig.exe
MIG: 12:20:02 : xilinx_path: C:/Xilinx/Vivado/2017.4/ids_lite/ISE
MIG: 12:20:02 : I am in catch area
MIG: 12:20:02 : Running C:/Xilinx/Vivado/2017.4/ids_lite/ISE/coregen/ip/xilinx/other/com/xilinx/ip/mig_7series_v4_0/bin/nt64/mig.exe -cg_exc_inp e:/Development/zofija/sinus.srcs/sources_1/bd/design_1/ip/design_1_mig_7series_0_0/xil_txt.in -cg_exc_out e:/Development/zofija/sinus.srcs/sources_1/bd/design_1/ip/design_1_mig_7series_0_0/xil_txt.out ... 
MIG: 12:20:09 : XML_INPUT_FILE: e:/Development/zofija/sinus.srcs/sources_1/bd/design_1/ip/design_1_mig_7series_0_0/board.prj
MIG: 12:20:10 : Component_Name: design_1_mig_7series_0_0
MIG: 12:20:10 : Moving design_1_mig_7series_0_0 ...
MIG: 12:20:10 : Moving design_1_mig_7series_0_0.veo ...
MIG: 12:20:10 : Moving design_1_mig_7series_0_0_xmdf.tcl ...
MIG: 12:20:10 : Running simulation.xit
MIG: 12:20:10 : IGN:     <ModuleName>design_1_mig_7series_0_0</ModuleName> <==>     <ModuleName>design_1_mig_7series_0_0</ModuleName> 
MIG: 12:20:10 : ERR:     <Version>2.3</Version> <==>     <Version>4.0</Version> 
MIG: 12:20:10 : ################# RUNNING MIG BATCH ###################
MIG: 12:20:10 : Writing IN file for 'design_1_mig_7series_0_0'...compDirPath: c:/Xilinx/Vivado/2017.4/data/ip/xilinx/mig_7series_v4_0... instDirPath: e:/Development/zofija/sinus.srcs/sources_1/bd/design_1/ip/design_1_mig_7series_0_0
MIG: 12:20:10 : synp_flow:  -- synthesis_mode: Other
MIG: 12:20:10 : outputDirectory: e:/Development/zofija/sinus.srcs/sources_1/bd/design_1/ip/design_1_mig_7series_0_0/_tmp/
MIG: 12:20:10 : vivado_mode: xpg_bd
MIG: 12:20:10 : isPortInterface: 0
MIG: 12:20:10 : isPortInterface: 0
MIG: 12:20:10 : isPortInterface: 0
MIG: 12:20:10 : isPortInterface: 0
MIG: 12:20:10 : isPortInterface: 0
MIG: 12:20:10 : isPortInterface: 0
MIG: 12:20:10 : isPortInterface: 0
MIG: 12:20:10 : isPortInterface: 0
MIG: 12:20:10 : isPortInterface: 0
MIG: 12:20:10 : isPortInterface: 0
MIG: 12:20:10 : isPortInterface: 0
MIG: 12:20:10 : isPortInterface: 0
MIG: 12:20:10 : isPortInterface: 0
MIG: 12:20:10 : isPortInterface: 0
MIG: 12:20:10 : isPortInterface: 0
MIG: 12:20:10 : isPortInterface: 0
MIG: 12:20:10 : isPortInterface: 0
MIG: 12:20:10 : isPortInterface: 0
MIG: 12:20:10 : isPortInterface: 0
MIG: 12:20:10 : isPortInterface: 0
MIG: 12:20:10 : isPortInterface: 0
MIG: 12:20:10 : isPortInterface: 0
MIG: 12:20:10 : isPortInterface: 0
MIG: 12:20:10 : isPortInterface: 0
MIG: 12:20:10 : isPortInterface: 0
MIG: 12:20:10 : isPortInterface: 0
MIG: 12:20:10 : isPortInterface: 0
MIG: 12:20:10 : isPortInterface: 0
MIG: 12:20:10 : isPortInterface: 0
MIG: 12:20:10 : isPortInterface: 0
MIG: 12:20:10 : isPortInterface: 0
MIG: 12:20:10 : isPortInterface: 0
MIG: 12:20:10 : isPortInterface: 0
MIG: 12:20:10 : isPortInterface: 0
MIG: 12:20:10 : isPortInterface: 0
MIG: 12:20:10 : isPortInterface: 0
MIG: 12:20:10 : isPortInterface: 0
MIG: 12:20:10 : isPortInterface: 0
MIG: 12:20:10 : isPortInterface: 0
MIG: 12:20:10 : isPortInterface: 0
MIG: 12:20:10 : isPortInterface: 0
MIG: 12:20:10 : isPortInterface: 0
MIG: 12:20:10 : isPortInterface: 0
MIG: 12:20:10 : isPortInterface: 0
MIG: 12:20:10 : isPortInterface: 0
MIG: 12:20:10 : isPortInterface: 0
MIG: 12:20:10 : isPortInterface: 0
MIG: 12:20:10 : isPortInterface: 0
MIG: 12:20:10 : isPortInterface: 0
MIG: 12:20:10 : isPortInterface: 0
MIG: 12:20:10 : isPortInterface: 0
MIG: 12:20:10 : isPortInterface: 0
MIG: 12:20:10 : isPortInterface: 0
MIG: 12:20:10 : isPortInterface: 0
MIG: 12:20:10 : isPortInterface: 0
MIG: 12:20:10 : isPortInterface: 0
MIG: 12:20:10 : isPortInterface: 0
MIG: 12:20:10 : isPortInterface: 0
MIG: 12:20:10 : isPortInterface: 0
MIG: 12:20:10 : isPortInterface: 0
MIG: 12:20:10 : isPortInterface: 0
MIG: 12:20:10 : isPortInterface: 0
MIG: 12:20:10 : isPortInterface: 0
MIG: 12:20:10 : isPortInterface: 0
MIG: 12:20:10 : isPortInterface: 0
MIG: 12:20:10 : isPortInterface: 0
MIG: 12:20:10 : isPortInterface: 0
MIG: 12:20:10 : isPortInterface: 0
MIG: 12:20:10 : isPortInterface: 0
MIG: 12:20:10 : isPortInterface: 0
MIG: 12:20:10 : isPortInterface: 0
MIG: 12:20:10 : isPortInterface: 0
MIG: 12:20:10 : isPortInterface: 0
MIG: 12:20:10 : isPortInterface: 0
MIG: 12:20:10 : isPortInterface: 0
MIG: 12:20:10 : isPortInterface: 0
MIG: 12:20:10 : isPortInterface: 0
MIG: 12:20:10 : isPortInterface: 0
MIG: 12:20:10 : isPortInterface: 0
MIG: 12:20:10 : isPortInterface: 0
MIG: 12:20:10 : isPortInterface: 0
MIG: 12:20:10 : isPortInterface: 0
MIG: 12:20:10 : isPortInterface: 0
MIG: 12:20:10 : isPortInterface: 0
MIG: 12:20:10 : isPortInterface: 0
MIG: 12:20:10 : isPortInterface: 0
MIG: 12:20:10 : isPortInterface: 0
MIG: 12:20:10 : isPortInterface: 0
MIG: 12:20:10 : isPortInterface: 0
MIG: 12:20:10 : isPortInterface: 0
MIG: 12:20:10 : isPortInterface: 0
MIG: 12:20:10 : isPortInterface: 0
MIG: 12:20:10 : isPortInterface: 0
MIG: 12:20:10 : isPortInterface: 0
MIG: 12:20:10 : isPortInterface: 0
MIG: 12:20:10 : isPortInterface: 0
MIG: 12:20:10 : isPortInterface: 0
MIG: 12:20:10 : isPortInterface: 0
MIG: 12:20:10 : isPortInterface: 0
MIG: 12:20:10 : isPortInterface: 0
MIG: 12:20:10 : isPortInterface: 0
MIG: 12:20:10 : isPortInterface: 0
MIG: 12:20:10 : isPortInterface: 0
MIG: 12:20:10 : isPortInterface: 0
MIG: 12:20:10 : isPortInterface: 0
MIG: 12:20:10 : isPortInterface: 0
MIG: 12:20:10 : isPortInterface: 0
MIG: 12:20:10 : isPortInterface: 0
MIG: 12:20:10 : isPortInterface: 0
MIG: 12:20:10 : isPortInterface: 0
MIG: 12:20:10 : isPortInterface: 0
MIG: 12:20:10 : isPortInterface: 0
MIG: 12:20:10 : isPortInterface: 0
MIG: 12:20:10 : isPortInterface: 0
MIG: 12:20:10 : isPortInterface: 0
MIG: 12:20:10 : isPortInterface: 0
MIG: 12:20:10 : isPortInterface: 0
MIG: 12:20:10 : isPortInterface: 0
MIG: 12:20:10 : isPortInterface: 0
MIG: 12:20:10 : isPortInterface: 0
MIG: 12:20:10 : isPortInterface: 0
MIG: 12:20:10 : isPortInterface: 0
MIG: 12:20:10 : isPortInterface: 0
MIG: 12:20:10 : isPortInterface: 1
MIG: 12:20:10 : isPortInterface: 0
MIG: 12:20:10 : isPortInterface: 0
MIG: 12:20:10 : isPortInterface: 0
MIG: 12:20:10 : isPortInterface: 0
MIG: 12:20:10 : isPortInterface: 0
MIG: 12:20:10 : isPortInterface: 0
MIG: 12:20:10 : isPortInterface: 0
MIG: 12:20:11 : isPortInterface: 0
MIG: 12:20:11 : isPortInterface: 0
MIG: 12:20:11 : isPortInterface: 0
MIG: 12:20:11 :  locked false  
MIG: 12:20:11 : HDL Language: Verilog
MIG: 12:20:11 : compInfo: false
MIG: 12:20:11 : Vivado Options xc7a35ti csg324 -1l
MIG: 12:20:11 : 1: xc7a35ti 2: csg324 3: -1l
MIG: 12:20:11 : relative mig path: coregen/ip/xilinx/other/com/xilinx/ip/mig_7series_v4_0/bin/nt64/mig.exe
MIG: 12:20:11 : xilinx_path: C:/Xilinx/Vivado/2017.4/ids_lite/ISE
MIG: 12:20:11 : I am in catch area
MIG: 12:20:11 : Running C:/Xilinx/Vivado/2017.4/ids_lite/ISE/coregen/ip/xilinx/other/com/xilinx/ip/mig_7series_v4_0/bin/nt64/mig.exe -cg_exc_inp e:/Development/zofija/sinus.srcs/sources_1/bd/design_1/ip/design_1_mig_7series_0_0/xil_txt.in -cg_exc_out e:/Development/zofija/sinus.srcs/sources_1/bd/design_1/ip/design_1_mig_7series_0_0/xil_txt.out ... 
MIG: 12:20:18 : XML_INPUT_FILE: e:/Development/zofija/sinus.srcs/sources_1/bd/design_1/ip/design_1_mig_7series_0_0/board.prj
MIG: 12:20:18 : Component_Name: design_1_mig_7series_0_0
MIG: 12:20:18 : Moving design_1_mig_7series_0_0 ...
MIG: 12:20:18 : Moving design_1_mig_7series_0_0.veo ...
MIG: 12:20:18 : Moving design_1_mig_7series_0_0_xmdf.tcl ...
MIG: 12:20:18 : Running vlog_sim_rpr.xit .. PRASAD DBG1
MIG: 12:20:18 : IGN:     <ModuleName>design_1_mig_7series_0_0</ModuleName> <==>     <ModuleName>design_1_mig_7series_0_0</ModuleName> 
MIG: 12:20:18 : ERR:     <Version>2.3</Version> <==>     <Version>4.0</Version> 
MIG: 12:20:18 : ################# RUNNING MIG BATCH ###################
MIG: 12:20:18 : Writing IN file for 'design_1_mig_7series_0_0'...compDirPath: c:/Xilinx/Vivado/2017.4/data/ip/xilinx/mig_7series_v4_0... instDirPath: e:/Development/zofija/sinus.srcs/sources_1/bd/design_1/ip/design_1_mig_7series_0_0
MIG: 12:20:18 : synp_flow:  -- synthesis_mode: Other
MIG: 12:20:18 : outputDirectory: e:/Development/zofija/sinus.srcs/sources_1/bd/design_1/ip/design_1_mig_7series_0_0/_tmp/
MIG: 12:20:18 : vivado_mode: xpg_bd
MIG: 12:20:18 : isPortInterface: 0
MIG: 12:20:18 : isPortInterface: 0
MIG: 12:20:18 : isPortInterface: 0
MIG: 12:20:18 : isPortInterface: 0
MIG: 12:20:18 : isPortInterface: 0
MIG: 12:20:18 : isPortInterface: 0
MIG: 12:20:18 : isPortInterface: 0
MIG: 12:20:18 : isPortInterface: 0
MIG: 12:20:18 : isPortInterface: 0
MIG: 12:20:18 : isPortInterface: 0
MIG: 12:20:18 : isPortInterface: 0
MIG: 12:20:18 : isPortInterface: 0
MIG: 12:20:18 : isPortInterface: 0
MIG: 12:20:18 : isPortInterface: 0
MIG: 12:20:18 : isPortInterface: 0
MIG: 12:20:18 : isPortInterface: 0
MIG: 12:20:18 : isPortInterface: 0
MIG: 12:20:18 : isPortInterface: 0
MIG: 12:20:18 : isPortInterface: 0
MIG: 12:20:18 : isPortInterface: 0
MIG: 12:20:18 : isPortInterface: 0
MIG: 12:20:18 : isPortInterface: 0
MIG: 12:20:18 : isPortInterface: 0
MIG: 12:20:18 : isPortInterface: 0
MIG: 12:20:18 : isPortInterface: 0
MIG: 12:20:18 : isPortInterface: 0
MIG: 12:20:18 : isPortInterface: 0
MIG: 12:20:18 : isPortInterface: 0
MIG: 12:20:18 : isPortInterface: 0
MIG: 12:20:18 : isPortInterface: 0
MIG: 12:20:18 : isPortInterface: 0
MIG: 12:20:18 : isPortInterface: 0
MIG: 12:20:18 : isPortInterface: 0
MIG: 12:20:18 : isPortInterface: 0
MIG: 12:20:18 : isPortInterface: 0
MIG: 12:20:18 : isPortInterface: 0
MIG: 12:20:18 : isPortInterface: 0
MIG: 12:20:18 : isPortInterface: 0
MIG: 12:20:18 : isPortInterface: 0
MIG: 12:20:18 : isPortInterface: 0
MIG: 12:20:18 : isPortInterface: 0
MIG: 12:20:18 : isPortInterface: 0
MIG: 12:20:18 : isPortInterface: 0
MIG: 12:20:18 : isPortInterface: 0
MIG: 12:20:18 : isPortInterface: 0
MIG: 12:20:18 : isPortInterface: 0
MIG: 12:20:18 : isPortInterface: 0
MIG: 12:20:18 : isPortInterface: 0
MIG: 12:20:18 : isPortInterface: 0
MIG: 12:20:18 : isPortInterface: 0
MIG: 12:20:18 : isPortInterface: 0
MIG: 12:20:18 : isPortInterface: 0
MIG: 12:20:18 : isPortInterface: 0
MIG: 12:20:18 : isPortInterface: 0
MIG: 12:20:18 : isPortInterface: 0
MIG: 12:20:18 : isPortInterface: 0
MIG: 12:20:18 : isPortInterface: 0
MIG: 12:20:18 : isPortInterface: 0
MIG: 12:20:18 : isPortInterface: 0
MIG: 12:20:18 : isPortInterface: 0
MIG: 12:20:18 : isPortInterface: 0
MIG: 12:20:18 : isPortInterface: 0
MIG: 12:20:19 : isPortInterface: 0
MIG: 12:20:19 : isPortInterface: 0
MIG: 12:20:19 : isPortInterface: 0
MIG: 12:20:19 : isPortInterface: 0
MIG: 12:20:19 : isPortInterface: 0
MIG: 12:20:19 : isPortInterface: 0
MIG: 12:20:19 : isPortInterface: 0
MIG: 12:20:19 : isPortInterface: 0
MIG: 12:20:19 : isPortInterface: 0
MIG: 12:20:19 : isPortInterface: 0
MIG: 12:20:19 : isPortInterface: 0
MIG: 12:20:19 : isPortInterface: 0
MIG: 12:20:19 : isPortInterface: 0
MIG: 12:20:19 : isPortInterface: 0
MIG: 12:20:19 : isPortInterface: 0
MIG: 12:20:19 : isPortInterface: 0
MIG: 12:20:19 : isPortInterface: 0
MIG: 12:20:19 : isPortInterface: 0
MIG: 12:20:19 : isPortInterface: 0
MIG: 12:20:19 : isPortInterface: 0
MIG: 12:20:19 : isPortInterface: 0
MIG: 12:20:19 : isPortInterface: 0
MIG: 12:20:19 : isPortInterface: 0
MIG: 12:20:19 : isPortInterface: 0
MIG: 12:20:19 : isPortInterface: 0
MIG: 12:20:19 : isPortInterface: 0
MIG: 12:20:19 : isPortInterface: 0
MIG: 12:20:19 : isPortInterface: 0
MIG: 12:20:19 : isPortInterface: 0
MIG: 12:20:19 : isPortInterface: 0
MIG: 12:20:19 : isPortInterface: 0
MIG: 12:20:19 : isPortInterface: 0
MIG: 12:20:19 : isPortInterface: 0
MIG: 12:20:19 : isPortInterface: 0
MIG: 12:20:19 : isPortInterface: 0
MIG: 12:20:19 : isPortInterface: 0
MIG: 12:20:19 : isPortInterface: 0
MIG: 12:20:19 : isPortInterface: 0
MIG: 12:20:19 : isPortInterface: 0
MIG: 12:20:19 : isPortInterface: 0
MIG: 12:20:19 : isPortInterface: 0
MIG: 12:20:19 : isPortInterface: 0
MIG: 12:20:19 : isPortInterface: 0
MIG: 12:20:19 : isPortInterface: 0
MIG: 12:20:19 : isPortInterface: 0
MIG: 12:20:19 : isPortInterface: 0
MIG: 12:20:19 : isPortInterface: 0
MIG: 12:20:19 : isPortInterface: 0
MIG: 12:20:19 : isPortInterface: 0
MIG: 12:20:19 : isPortInterface: 0
MIG: 12:20:19 : isPortInterface: 0
MIG: 12:20:19 : isPortInterface: 0
MIG: 12:20:19 : isPortInterface: 0
MIG: 12:20:19 : isPortInterface: 0
MIG: 12:20:19 : isPortInterface: 0
MIG: 12:20:19 : isPortInterface: 0
MIG: 12:20:19 : isPortInterface: 0
MIG: 12:20:19 : isPortInterface: 0
MIG: 12:20:19 : isPortInterface: 0
MIG: 12:20:19 : isPortInterface: 0
MIG: 12:20:19 : isPortInterface: 0
MIG: 12:20:19 : isPortInterface: 1
MIG: 12:20:19 : isPortInterface: 0
MIG: 12:20:19 : isPortInterface: 0
MIG: 12:20:19 : isPortInterface: 0
MIG: 12:20:19 : isPortInterface: 0
MIG: 12:20:19 : isPortInterface: 0
MIG: 12:20:19 : isPortInterface: 0
MIG: 12:20:19 : isPortInterface: 0
MIG: 12:20:19 : isPortInterface: 0
MIG: 12:20:19 : isPortInterface: 0
MIG: 12:20:19 : isPortInterface: 0
MIG: 12:20:19 :  locked false  
MIG: 12:20:19 : HDL Language: Verilog
MIG: 12:20:19 : compInfo: false
MIG: 12:20:19 : Vivado Options xc7a35ti csg324 -1l
MIG: 12:20:19 : 1: xc7a35ti 2: csg324 3: -1l
MIG: 12:20:19 : relative mig path: coregen/ip/xilinx/other/com/xilinx/ip/mig_7series_v4_0/bin/nt64/mig.exe
MIG: 12:20:19 : xilinx_path: C:/Xilinx/Vivado/2017.4/ids_lite/ISE
MIG: 12:20:19 : I am in catch area
MIG: 12:20:19 : Running C:/Xilinx/Vivado/2017.4/ids_lite/ISE/coregen/ip/xilinx/other/com/xilinx/ip/mig_7series_v4_0/bin/nt64/mig.exe -cg_exc_inp e:/Development/zofija/sinus.srcs/sources_1/bd/design_1/ip/design_1_mig_7series_0_0/xil_txt.in -cg_exc_out e:/Development/zofija/sinus.srcs/sources_1/bd/design_1/ip/design_1_mig_7series_0_0/xil_txt.out ... 
MIG: 12:20:26 : XML_INPUT_FILE: e:/Development/zofija/sinus.srcs/sources_1/bd/design_1/ip/design_1_mig_7series_0_0/board.prj
MIG: 12:20:26 : Component_Name: design_1_mig_7series_0_0
MIG: 12:20:26 : Moving design_1_mig_7series_0_0 ...
MIG: 12:20:26 : Moving design_1_mig_7series_0_0.veo ...
MIG: 12:20:26 : Moving design_1_mig_7series_0_0_xmdf.tcl ...
MIG: 12:20:26 : Running implementation.xit
MIG: 12:20:26 : IGN:     <ModuleName>design_1_mig_7series_0_0</ModuleName> <==>     <ModuleName>design_1_mig_7series_0_0</ModuleName> 
MIG: 12:20:26 : ERR:     <Version>2.3</Version> <==>     <Version>4.0</Version> 
MIG: 12:20:26 : ################# RUNNING MIG BATCH ###################
MIG: 12:20:26 : Writing IN file for 'design_1_mig_7series_0_0'...compDirPath: c:/Xilinx/Vivado/2017.4/data/ip/xilinx/mig_7series_v4_0... instDirPath: e:/Development/zofija/sinus.srcs/sources_1/bd/design_1/ip/design_1_mig_7series_0_0
MIG: 12:20:26 : synp_flow:  -- synthesis_mode: Other
MIG: 12:20:26 : outputDirectory: e:/Development/zofija/sinus.srcs/sources_1/bd/design_1/ip/design_1_mig_7series_0_0/_tmp/
MIG: 12:20:26 : vivado_mode: xpg_bd
MIG: 12:20:26 : isPortInterface: 0
MIG: 12:20:26 : isPortInterface: 0
MIG: 12:20:26 : isPortInterface: 0
MIG: 12:20:26 : isPortInterface: 0
MIG: 12:20:26 : isPortInterface: 0
MIG: 12:20:26 : isPortInterface: 0
MIG: 12:20:26 : isPortInterface: 0
MIG: 12:20:26 : isPortInterface: 0
MIG: 12:20:26 : isPortInterface: 0
MIG: 12:20:26 : isPortInterface: 0
MIG: 12:20:26 : isPortInterface: 0
MIG: 12:20:26 : isPortInterface: 0
MIG: 12:20:26 : isPortInterface: 0
MIG: 12:20:26 : isPortInterface: 0
MIG: 12:20:26 : isPortInterface: 0
MIG: 12:20:26 : isPortInterface: 0
MIG: 12:20:26 : isPortInterface: 0
MIG: 12:20:26 : isPortInterface: 0
MIG: 12:20:26 : isPortInterface: 0
MIG: 12:20:26 : isPortInterface: 0
MIG: 12:20:27 : isPortInterface: 0
MIG: 12:20:27 : isPortInterface: 0
MIG: 12:20:27 : isPortInterface: 0
MIG: 12:20:27 : isPortInterface: 0
MIG: 12:20:27 : isPortInterface: 0
MIG: 12:20:27 : isPortInterface: 0
MIG: 12:20:27 : isPortInterface: 0
MIG: 12:20:27 : isPortInterface: 0
MIG: 12:20:27 : isPortInterface: 0
MIG: 12:20:27 : isPortInterface: 0
MIG: 12:20:27 : isPortInterface: 0
MIG: 12:20:27 : isPortInterface: 0
MIG: 12:20:27 : isPortInterface: 0
MIG: 12:20:27 : isPortInterface: 0
MIG: 12:20:27 : isPortInterface: 0
MIG: 12:20:27 : isPortInterface: 0
MIG: 12:20:27 : isPortInterface: 0
MIG: 12:20:27 : isPortInterface: 0
MIG: 12:20:27 : isPortInterface: 0
MIG: 12:20:27 : isPortInterface: 0
MIG: 12:20:27 : isPortInterface: 0
MIG: 12:20:27 : isPortInterface: 0
MIG: 12:20:27 : isPortInterface: 0
MIG: 12:20:27 : isPortInterface: 0
MIG: 12:20:27 : isPortInterface: 0
MIG: 12:20:27 : isPortInterface: 0
MIG: 12:20:27 : isPortInterface: 0
MIG: 12:20:27 : isPortInterface: 0
MIG: 12:20:27 : isPortInterface: 0
MIG: 12:20:27 : isPortInterface: 0
MIG: 12:20:27 : isPortInterface: 0
MIG: 12:20:27 : isPortInterface: 0
MIG: 12:20:27 : isPortInterface: 0
MIG: 12:20:27 : isPortInterface: 0
MIG: 12:20:27 : isPortInterface: 0
MIG: 12:20:27 : isPortInterface: 0
MIG: 12:20:27 : isPortInterface: 0
MIG: 12:20:27 : isPortInterface: 0
MIG: 12:20:27 : isPortInterface: 0
MIG: 12:20:27 : isPortInterface: 0
MIG: 12:20:27 : isPortInterface: 0
MIG: 12:20:27 : isPortInterface: 0
MIG: 12:20:27 : isPortInterface: 0
MIG: 12:20:27 : isPortInterface: 0
MIG: 12:20:27 : isPortInterface: 0
MIG: 12:20:27 : isPortInterface: 0
MIG: 12:20:27 : isPortInterface: 0
MIG: 12:20:27 : isPortInterface: 0
MIG: 12:20:27 : isPortInterface: 0
MIG: 12:20:27 : isPortInterface: 0
MIG: 12:20:27 : isPortInterface: 0
MIG: 12:20:27 : isPortInterface: 0
MIG: 12:20:27 : isPortInterface: 0
MIG: 12:20:27 : isPortInterface: 0
MIG: 12:20:27 : isPortInterface: 0
MIG: 12:20:27 : isPortInterface: 0
MIG: 12:20:27 : isPortInterface: 0
MIG: 12:20:27 : isPortInterface: 0
MIG: 12:20:27 : isPortInterface: 0
MIG: 12:20:27 : isPortInterface: 0
MIG: 12:20:27 : isPortInterface: 0
MIG: 12:20:27 : isPortInterface: 0
MIG: 12:20:27 : isPortInterface: 0
MIG: 12:20:27 : isPortInterface: 0
MIG: 12:20:27 : isPortInterface: 0
MIG: 12:20:27 : isPortInterface: 0
MIG: 12:20:27 : isPortInterface: 0
MIG: 12:20:27 : isPortInterface: 0
MIG: 12:20:27 : isPortInterface: 0
MIG: 12:20:27 : isPortInterface: 0
MIG: 12:20:27 : isPortInterface: 0
MIG: 12:20:27 : isPortInterface: 0
MIG: 12:20:27 : isPortInterface: 0
MIG: 12:20:27 : isPortInterface: 0
MIG: 12:20:27 : isPortInterface: 0
MIG: 12:20:27 : isPortInterface: 0
MIG: 12:20:27 : isPortInterface: 0
MIG: 12:20:27 : isPortInterface: 0
MIG: 12:20:27 : isPortInterface: 0
MIG: 12:20:27 : isPortInterface: 0
MIG: 12:20:27 : isPortInterface: 0
MIG: 12:20:27 : isPortInterface: 0
MIG: 12:20:27 : isPortInterface: 0
MIG: 12:20:27 : isPortInterface: 0
MIG: 12:20:27 : isPortInterface: 0
MIG: 12:20:27 : isPortInterface: 0
MIG: 12:20:27 : isPortInterface: 0
MIG: 12:20:27 : isPortInterface: 0
MIG: 12:20:27 : isPortInterface: 0
MIG: 12:20:27 : isPortInterface: 0
MIG: 12:20:27 : isPortInterface: 0
MIG: 12:20:27 : isPortInterface: 0
MIG: 12:20:27 : isPortInterface: 0
MIG: 12:20:27 : isPortInterface: 0
MIG: 12:20:27 : isPortInterface: 0
MIG: 12:20:27 : isPortInterface: 0
MIG: 12:20:27 : isPortInterface: 0
MIG: 12:20:27 : isPortInterface: 0
MIG: 12:20:27 : isPortInterface: 0
MIG: 12:20:27 : isPortInterface: 0
MIG: 12:20:27 : isPortInterface: 0
MIG: 12:20:27 : isPortInterface: 0
MIG: 12:20:27 : isPortInterface: 0
MIG: 12:20:27 : isPortInterface: 1
MIG: 12:20:27 : isPortInterface: 0
MIG: 12:20:27 : isPortInterface: 0
MIG: 12:20:27 : isPortInterface: 0
MIG: 12:20:27 : isPortInterface: 0
MIG: 12:20:27 : isPortInterface: 0
MIG: 12:20:27 : isPortInterface: 0
MIG: 12:20:27 : isPortInterface: 0
MIG: 12:20:27 : isPortInterface: 0
MIG: 12:20:27 : isPortInterface: 0
MIG: 12:20:27 : isPortInterface: 0
MIG: 12:20:27 :  locked false  
MIG: 12:20:27 : HDL Language: Verilog
MIG: 12:20:27 : compInfo: false
MIG: 12:20:27 : Vivado Options xc7a35ti csg324 -1l
MIG: 12:20:27 : 1: xc7a35ti 2: csg324 3: -1l
MIG: 12:20:27 : relative mig path: coregen/ip/xilinx/other/com/xilinx/ip/mig_7series_v4_0/bin/nt64/mig.exe
MIG: 12:20:27 : xilinx_path: C:/Xilinx/Vivado/2017.4/ids_lite/ISE
MIG: 12:20:27 : I am in catch area
MIG: 12:20:27 : Running C:/Xilinx/Vivado/2017.4/ids_lite/ISE/coregen/ip/xilinx/other/com/xilinx/ip/mig_7series_v4_0/bin/nt64/mig.exe -cg_exc_inp e:/Development/zofija/sinus.srcs/sources_1/bd/design_1/ip/design_1_mig_7series_0_0/xil_txt.in -cg_exc_out e:/Development/zofija/sinus.srcs/sources_1/bd/design_1/ip/design_1_mig_7series_0_0/xil_txt.out ... 
MIG: 12:20:34 : XML_INPUT_FILE: e:/Development/zofija/sinus.srcs/sources_1/bd/design_1/ip/design_1_mig_7series_0_0/board.prj
MIG: 12:20:34 : Component_Name: design_1_mig_7series_0_0
MIG: 12:20:34 : Moving design_1_mig_7series_0_0 ...
MIG: 12:20:34 : Moving design_1_mig_7series_0_0.veo ...
MIG: 12:20:34 : Moving design_1_mig_7series_0_0_xmdf.tcl ...
