12:39:21 INFO  : Registering command handlers for SDK TCF services
12:39:22 INFO  : Launching XSCT server: xsct.bat -interactive E:\Development\zofija\sinus.sdk\temp_xsdb_launch_script.tcl
12:39:25 INFO  : XSCT server has started successfully.
12:39:27 INFO  : Successfully done setting XSCT server connection channel  
12:39:27 INFO  : Processing command line option -hwspec E:/Development/zofija/sinus.sdk/design_1_wrapper.hdf.
12:39:27 INFO  : Successfully done setting SDK workspace  
12:41:37 ERROR : (XSDB Server)ERROR: [Hsi 55-1545] Problem running tcl command ::sw_intc_v3_7::generate : can't read "source_name(1)": no such element in array
    while executing
"string compare -nocase $source_name($i) "system""
    ("foreach" body line 18)
    invoked from within
"foreach periph $periphs {
        #update global array of Interrupt sources for this periph
        intc_update_source_array $periph

        lappend ..."
    (procedure "xredefine_intc" line 21)
    invoked from within
"xredefine_intc $drv_handle $file_handle"
    (procedure "xdefine_canonical_xpars" line 72)
    invoked from within
"xdefine_canonical_xpars $drv_handle "xparameters.h" "Intc" "DEVICE_ID" "C_BASEADDR" "C_HIGHADDR" "C_KIND_OF_INTR" "C_HAS_FAST" "C_IVAR_RESET_VALUE" "C..."
    (procedure "::sw_intc_v3_7::generate" line 57)
    invoked from within
"::sw_intc_v3_7::generate microblaze_0_axi_intc"
ERROR: [Hsi 55-1442] Error(s) while running TCL procedure generate()

12:41:37 ERROR : (XSDB Server)ERROR: [Hsi 55-1450] Error: runn
12:41:37 ERROR : (XSDB Server)ing generate_bsp.

12:41:37 ERROR : Error generating bsp sources: Failed in generating sources
12:42:37 ERROR : (XSDB Server)ERROR: [Hsi 55-1545] Problem running
12:42:37 ERROR : (XSDB Server) tcl command ::sw_intc_v3_7::generate : can't read "source_name(1)": no such element in array
    while executing
"string compare -nocase $source_name($i) "system""
    ("foreach" body line 18)
    invoked from within
"foreach periph $periphs {
        #update global array of Interrupt sources for this periph
        intc_update_source_array $periph

        lappend ..."
    (procedure "xredefine_intc" line 21)
    invoked from within
"xredefine_intc $drv_handle $file_handle"
    (procedure "xdefine_canonical_xpars" line 72)
    invoked from within
"xdefine_canonical_xpars $drv_handle "xparameters.h" "Intc" "DEVICE_ID" "C_BASEADDR" "C_HIGHADDR" "C_KIND_OF_INTR" "C_HAS_FAST" "C_IVAR_RESET_VALUE" "C..."
    (procedure "::sw_intc_v3_7::generate" line 57)
    invoked from within
"::sw_intc_v3_7::generate microblaze_0_axi_intc"
ERROR: [Hsi 55-1442] Error(s) while running TCL procedure generate()

12:42:37 ERROR : (XSDB Server)ERROR: [Hsi 55-1450] Error: running generate_bsp.

12:42:37 ERROR : Error generating bsp sources: Failed in generating sources
12:57:23 INFO  : Launching XSCT server: xsct.bat -interactive E:\Development\zofija\sinus.sdk\temp_xsdb_launch_script.tcl
12:57:25 INFO  : XSCT server has started successfully.
12:57:25 INFO  : Successfully done setting XSCT server connection channel  
12:57:26 INFO  : Successfully done setting SDK workspace  
12:57:27 INFO  : Registering command handlers for SDK TCF services
12:57:28 INFO  : Processing command line option -hwspec E:/Development/zofija/sinus.sdk/design_1_wrapper.hdf.
12:57:28 INFO  : Checking for hwspec changes in the project design_1_wrapper_hw_platform_0.
12:57:28 INFO  : SDK has detected change in the last modified timestamps for source hardware specification file Source:1522662898898,  Project:1522661692900
12:57:28 INFO  : The hardware specification for project 'design_1_wrapper_hw_platform_0' is different from E:/Development/zofija/sinus.sdk/design_1_wrapper.hdf.
12:57:28 INFO  : Copied contents of E:/Development/zofija/sinus.sdk/design_1_wrapper.hdf into \design_1_wrapper_hw_platform_0\system.hdf.
12:57:29 INFO  : Synchronizing projects in the workspace with the hardware platform specification changes.
12:57:29 INFO  : Clearing existing target manager status.
12:57:29 WARN  : Given IPC port value is invalid. Using default port 2350
12:57:29 WARN  : Given XMD timeout value is invalid. Using default value of 50000
12:57:31 WARN  : Given XMD transaction timeout value is invalid. Using default value of 60000 milli seconds
12:57:31 INFO  : Workspace synchronized with the new hardware specification file. Cleaning dependent projects...
12:57:31 WARN  : Linker script will not be updated automatically. Users need to update it manually.
12:59:21 INFO  : Refreshed build settings on project server
13:00:08 INFO  : Connected to target on host '127.0.0.1' and port '3121'.
13:00:10 INFO  : 'targets -set -filter {jtag_cable_name =~ "Digilent Arty 210319A43A6DA" && level==0} -index 0' command is executed.
13:00:11 INFO  : FPGA configured successfully with bitstream "E:/Development/zofija/sinus.sdk/design_1_wrapper_hw_platform_0/download.bit"
13:03:01 INFO  : 'targets -set -filter {jtag_cable_name =~ "Digilent Arty 210319A43A6DA" && level==0} -index 0' command is executed.
13:03:01 INFO  : 'fpga -state' command is executed.
13:03:01 INFO  : Connected to target on host '127.0.0.1' and port '3121'.
13:03:01 INFO  : Jtag cable 'Digilent Arty 210319A43A6DA' is selected.
13:03:01 INFO  : 'jtag frequency' command is executed.
13:03:01 INFO  : Context for processor 'microblaze_0' is selected.
13:03:01 INFO  : Processor reset is completed for 'microblaze_0'.
13:03:02 INFO  : Context for processor 'microblaze_0' is selected.
13:03:03 INFO  : The application 'E:/Development/zofija/sinus.sdk/server/Debug/server.elf' is downloaded to processor 'microblaze_0'.
13:03:03 INFO  : ----------------XSDB Script----------------
connect -url tcp:127.0.0.1:3121
targets -set -nocase -filter {name =~ "microblaze*#0" && bscan=="USER2"  && jtag_cable_name =~ "Digilent Arty 210319A43A6DA"} -index 0
rst -processor
targets -set -nocase -filter {name =~ "microblaze*#0" && bscan=="USER2"  && jtag_cable_name =~ "Digilent Arty 210319A43A6DA"} -index 0
dow E:/Development/zofija/sinus.sdk/server/Debug/server.elf
----------------End of Script----------------

13:03:03 INFO  : Memory regions updated for context MicroBlaze #0
13:03:03 INFO  : Memory regions updated for context MicroBlaze #0
13:03:03 INFO  : Context for processor 'microblaze_0' is selected.
13:03:03 INFO  : 'con' command is executed.
13:03:03 INFO  : ----------------XSDB Script (After Launch)----------------
targets -set -nocase -filter {name =~ "microblaze*#0" && bscan=="USER2"  && jtag_cable_name =~ "Digilent Arty 210319A43A6DA"} -index 0
con
----------------End of Script----------------

13:03:03 INFO  : Launch script is exported to file 'E:\Development\zofija\sinus.sdk\.sdk\launch_scripts\xilinx_c-c++_application_(system_debugger)\system_debugger_using_debug_server.elf_on_local.tcl'
13:06:17 INFO  : Disconnected from the channel tcfchan#1.
13:06:18 INFO  : 'targets -set -filter {jtag_cable_name =~ "Digilent Arty 210319A43A6DA" && level==0} -index 0' command is executed.
13:06:18 INFO  : 'fpga -state' command is executed.
13:06:18 INFO  : Connected to target on host '127.0.0.1' and port '3121'.
13:06:19 INFO  : Jtag cable 'Digilent Arty 210319A43A6DA' is selected.
13:06:19 INFO  : 'jtag frequency' command is executed.
13:06:19 INFO  : Context for processor 'microblaze_0' is selected.
13:06:19 INFO  : Processor reset is completed for 'microblaze_0'.
13:06:19 INFO  : Context for processor 'microblaze_0' is selected.
13:06:20 INFO  : The application 'E:/Development/zofija/sinus.sdk/server/Debug/server.elf' is downloaded to processor 'microblaze_0'.
13:06:20 INFO  : ----------------XSDB Script----------------
connect -url tcp:127.0.0.1:3121
targets -set -nocase -filter {name =~ "microblaze*#0" && bscan=="USER2"  && jtag_cable_name =~ "Digilent Arty 210319A43A6DA"} -index 0
rst -processor
targets -set -nocase -filter {name =~ "microblaze*#0" && bscan=="USER2"  && jtag_cable_name =~ "Digilent Arty 210319A43A6DA"} -index 0
dow E:/Development/zofija/sinus.sdk/server/Debug/server.elf
----------------End of Script----------------

13:06:20 INFO  : Memory regions updated for context MicroBlaze #0
13:06:20 INFO  : Memory regions updated for context MicroBlaze #0
13:06:20 INFO  : Context for processor 'microblaze_0' is selected.
13:06:20 INFO  : 'con' command is executed.
13:06:20 INFO  : ----------------XSDB Script (After Launch)----------------
targets -set -nocase -filter {name =~ "microblaze*#0" && bscan=="USER2"  && jtag_cable_name =~ "Digilent Arty 210319A43A6DA"} -index 0
con
----------------End of Script----------------

13:06:20 INFO  : Launch script is exported to file 'E:\Development\zofija\sinus.sdk\.sdk\launch_scripts\xilinx_c-c++_application_(system_debugger)\system_debugger_using_debug_server.elf_on_local.tcl'
13:07:03 INFO  : Connected to target on host '127.0.0.1' and port '3121'.
13:07:03 INFO  : 'targets -set -filter {jtag_cable_name =~ "Digilent Arty 210319A43A6DA" && level==0} -index 0' command is executed.
13:07:05 INFO  : FPGA configured successfully with bitstream "E:/Development/zofija/sinus.sdk/design_1_wrapper_hw_platform_0/download.bit"
13:07:19 INFO  : Disconnected from the channel tcfchan#2.
13:07:20 INFO  : 'targets -set -filter {jtag_cable_name =~ "Digilent Arty 210319A43A6DA" && level==0} -index 0' command is executed.
13:07:20 INFO  : 'fpga -state' command is executed.
13:07:20 INFO  : Connected to target on host '127.0.0.1' and port '3121'.
13:07:20 INFO  : Jtag cable 'Digilent Arty 210319A43A6DA' is selected.
13:07:20 INFO  : 'jtag frequency' command is executed.
13:07:20 INFO  : Context for processor 'microblaze_0' is selected.
13:07:20 INFO  : Processor reset is completed for 'microblaze_0'.
13:07:20 INFO  : Context for processor 'microblaze_0' is selected.
13:07:22 INFO  : The application 'E:/Development/zofija/sinus.sdk/server/Debug/server.elf' is downloaded to processor 'microblaze_0'.
13:07:22 INFO  : ----------------XSDB Script----------------
connect -url tcp:127.0.0.1:3121
targets -set -nocase -filter {name =~ "microblaze*#0" && bscan=="USER2"  && jtag_cable_name =~ "Digilent Arty 210319A43A6DA"} -index 0
rst -processor
targets -set -nocase -filter {name =~ "microblaze*#0" && bscan=="USER2"  && jtag_cable_name =~ "Digilent Arty 210319A43A6DA"} -index 0
dow E:/Development/zofija/sinus.sdk/server/Debug/server.elf
----------------End of Script----------------

13:07:22 INFO  : Memory regions updated for context MicroBlaze #0
13:07:22 INFO  : Memory regions updated for context MicroBlaze #0
13:07:22 INFO  : Context for processor 'microblaze_0' is selected.
13:07:22 INFO  : 'con' command is executed.
13:07:22 INFO  : ----------------XSDB Script (After Launch)----------------
targets -set -nocase -filter {name =~ "microblaze*#0" && bscan=="USER2"  && jtag_cable_name =~ "Digilent Arty 210319A43A6DA"} -index 0
con
----------------End of Script----------------

13:07:22 INFO  : Launch script is exported to file 'E:\Development\zofija\sinus.sdk\.sdk\launch_scripts\xilinx_c-c++_application_(system_debugger)\system_debugger_using_debug_server.elf_on_local.tcl'
13:08:18 INFO  : Disconnected from the channel tcfchan#3.
13:08:19 INFO  : 'targets -set -filter {jtag_cable_name =~ "Digilent Arty 210319A43A6DA" && level==0} -index 0' command is executed.
13:08:19 INFO  : 'fpga -state' command is executed.
13:08:19 INFO  : Connected to target on host '127.0.0.1' and port '3121'.
13:08:19 INFO  : Jtag cable 'Digilent Arty 210319A43A6DA' is selected.
13:08:19 INFO  : 'jtag frequency' command is executed.
13:08:19 INFO  : Context for processor 'microblaze_0' is selected.
13:08:19 INFO  : Processor reset is completed for 'microblaze_0'.
13:08:19 INFO  : Context for processor 'microblaze_0' is selected.
13:08:21 INFO  : The application 'E:/Development/zofija/sinus.sdk/server/Debug/server.elf' is downloaded to processor 'microblaze_0'.
13:08:21 INFO  : ----------------XSDB Script----------------
connect -url tcp:127.0.0.1:3121
targets -set -nocase -filter {name =~ "microblaze*#0" && bscan=="USER2"  && jtag_cable_name =~ "Digilent Arty 210319A43A6DA"} -index 0
rst -processor
targets -set -nocase -filter {name =~ "microblaze*#0" && bscan=="USER2"  && jtag_cable_name =~ "Digilent Arty 210319A43A6DA"} -index 0
dow E:/Development/zofija/sinus.sdk/server/Debug/server.elf
----------------End of Script----------------

13:08:21 INFO  : Memory regions updated for context MicroBlaze #0
13:08:21 INFO  : Memory regions updated for context MicroBlaze #0
13:08:21 INFO  : Context for processor 'microblaze_0' is selected.
13:08:21 INFO  : 'con' command is executed.
13:08:21 INFO  : ----------------XSDB Script (After Launch)----------------
targets -set -nocase -filter {name =~ "microblaze*#0" && bscan=="USER2"  && jtag_cable_name =~ "Digilent Arty 210319A43A6DA"} -index 0
con
----------------End of Script----------------

13:08:21 INFO  : Launch script is exported to file 'E:\Development\zofija\sinus.sdk\.sdk\launch_scripts\xilinx_c-c++_application_(system_debugger)\system_debugger_using_debug_server.elf_on_local.tcl'
13:22:14 INFO  : Disconnected from the channel tcfchan#4.
13:22:16 INFO  : 'targets -set -filter {jtag_cable_name =~ "Digilent Arty 210319A43A6DA" && level==0} -index 0' command is executed.
13:22:16 INFO  : 'fpga -state' command is executed.
13:22:16 INFO  : Connected to target on host '127.0.0.1' and port '3121'.
13:22:16 INFO  : Jtag cable 'Digilent Arty 210319A43A6DA' is selected.
13:22:16 INFO  : 'jtag frequency' command is executed.
13:22:16 INFO  : Context for processor 'microblaze_0' is selected.
13:22:16 INFO  : Processor reset is completed for 'microblaze_0'.
13:22:16 INFO  : Context for processor 'microblaze_0' is selected.
13:22:17 INFO  : The application 'E:/Development/zofija/sinus.sdk/server/Debug/server.elf' is downloaded to processor 'microblaze_0'.
13:22:17 INFO  : ----------------XSDB Script----------------
connect -url tcp:127.0.0.1:3121
targets -set -nocase -filter {name =~ "microblaze*#0" && bscan=="USER2"  && jtag_cable_name =~ "Digilent Arty 210319A43A6DA"} -index 0
rst -processor
targets -set -nocase -filter {name =~ "microblaze*#0" && bscan=="USER2"  && jtag_cable_name =~ "Digilent Arty 210319A43A6DA"} -index 0
dow E:/Development/zofija/sinus.sdk/server/Debug/server.elf
----------------End of Script----------------

13:22:17 INFO  : Memory regions updated for context MicroBlaze #0
13:22:17 INFO  : Memory regions updated for context MicroBlaze #0
13:22:18 INFO  : Context for processor 'microblaze_0' is selected.
13:22:18 INFO  : 'con' command is executed.
13:22:18 INFO  : ----------------XSDB Script (After Launch)----------------
targets -set -nocase -filter {name =~ "microblaze*#0" && bscan=="USER2"  && jtag_cable_name =~ "Digilent Arty 210319A43A6DA"} -index 0
con
----------------End of Script----------------

13:22:18 INFO  : Launch script is exported to file 'E:\Development\zofija\sinus.sdk\.sdk\launch_scripts\xilinx_c-c++_application_(system_debugger)\system_debugger_using_debug_server.elf_on_local.tcl'
13:27:41 INFO  : Connected to target on host '127.0.0.1' and port '3121'.
13:27:41 INFO  : 'targets -set -filter {jtag_cable_name =~ "Digilent Arty 210319A43A6DA" && level==0} -index 0' command is executed.
13:27:42 INFO  : FPGA configured successfully with bitstream "E:/Development/zofija/sinus.sdk/design_1_wrapper_hw_platform_0/download.bit"
13:27:55 INFO  : Disconnected from the channel tcfchan#5.
13:27:56 INFO  : 'targets -set -filter {jtag_cable_name =~ "Digilent Arty 210319A43A6DA" && level==0} -index 0' command is executed.
13:27:56 INFO  : 'fpga -state' command is executed.
13:27:56 INFO  : Connected to target on host '127.0.0.1' and port '3121'.
13:27:56 INFO  : Jtag cable 'Digilent Arty 210319A43A6DA' is selected.
13:27:56 INFO  : 'jtag frequency' command is executed.
13:27:56 INFO  : Context for processor 'microblaze_0' is selected.
13:27:56 INFO  : Processor reset is completed for 'microblaze_0'.
13:27:56 INFO  : Context for processor 'microblaze_0' is selected.
13:27:58 INFO  : The application 'E:/Development/zofija/sinus.sdk/server/Debug/server.elf' is downloaded to processor 'microblaze_0'.
13:27:58 INFO  : ----------------XSDB Script----------------
connect -url tcp:127.0.0.1:3121
targets -set -nocase -filter {name =~ "microblaze*#0" && bscan=="USER2"  && jtag_cable_name =~ "Digilent Arty 210319A43A6DA"} -index 0
rst -processor
targets -set -nocase -filter {name =~ "microblaze*#0" && bscan=="USER2"  && jtag_cable_name =~ "Digilent Arty 210319A43A6DA"} -index 0
dow E:/Development/zofija/sinus.sdk/server/Debug/server.elf
----------------End of Script----------------

13:27:58 INFO  : Memory regions updated for context MicroBlaze #0
13:27:58 INFO  : Memory regions updated for context MicroBlaze #0
13:27:58 INFO  : Context for processor 'microblaze_0' is selected.
13:27:58 INFO  : 'con' command is executed.
13:27:58 INFO  : ----------------XSDB Script (After Launch)----------------
targets -set -nocase -filter {name =~ "microblaze*#0" && bscan=="USER2"  && jtag_cable_name =~ "Digilent Arty 210319A43A6DA"} -index 0
con
----------------End of Script----------------

13:27:58 INFO  : Launch script is exported to file 'E:\Development\zofija\sinus.sdk\.sdk\launch_scripts\xilinx_c-c++_application_(system_debugger)\system_debugger_using_debug_server.elf_on_local.tcl'
13:32:41 INFO  : Disconnected from the channel tcfchan#6.
13:32:43 INFO  : 'targets -set -filter {jtag_cable_name =~ "Digilent Arty 210319A43A6DA" && level==0} -index 0' command is executed.
13:32:43 INFO  : 'fpga -state' command is executed.
13:32:43 INFO  : Connected to target on host '127.0.0.1' and port '3121'.
13:32:43 INFO  : Jtag cable 'Digilent Arty 210319A43A6DA' is selected.
13:32:43 INFO  : 'jtag frequency' command is executed.
13:32:43 INFO  : Context for processor 'microblaze_0' is selected.
13:32:43 INFO  : Processor reset is completed for 'microblaze_0'.
13:32:43 INFO  : Context for processor 'microblaze_0' is selected.
13:32:45 INFO  : The application 'E:/Development/zofija/sinus.sdk/server/Debug/server.elf' is downloaded to processor 'microblaze_0'.
13:32:45 INFO  : ----------------XSDB Script----------------
connect -url tcp:127.0.0.1:3121
targets -set -nocase -filter {name =~ "microblaze*#0" && bscan=="USER2"  && jtag_cable_name =~ "Digilent Arty 210319A43A6DA"} -index 0
rst -processor
targets -set -nocase -filter {name =~ "microblaze*#0" && bscan=="USER2"  && jtag_cable_name =~ "Digilent Arty 210319A43A6DA"} -index 0
dow E:/Development/zofija/sinus.sdk/server/Debug/server.elf
----------------End of Script----------------

13:32:45 INFO  : Memory regions updated for context MicroBlaze #0
13:32:45 INFO  : Memory regions updated for context MicroBlaze #0
13:32:45 INFO  : Context for processor 'microblaze_0' is selected.
13:32:45 INFO  : 'con' command is executed.
13:32:45 INFO  : ----------------XSDB Script (After Launch)----------------
targets -set -nocase -filter {name =~ "microblaze*#0" && bscan=="USER2"  && jtag_cable_name =~ "Digilent Arty 210319A43A6DA"} -index 0
con
----------------End of Script----------------

13:32:45 INFO  : Launch script is exported to file 'E:\Development\zofija\sinus.sdk\.sdk\launch_scripts\xilinx_c-c++_application_(system_debugger)\system_debugger_using_debug_server.elf_on_local.tcl'
13:42:02 INFO  : Disconnected from the channel tcfchan#7.
13:42:03 INFO  : 'targets -set -filter {jtag_cable_name =~ "Digilent Arty 210319A43A6DA" && level==0} -index 0' command is executed.
13:42:03 INFO  : 'fpga -state' command is executed.
13:42:03 INFO  : Connected to target on host '127.0.0.1' and port '3121'.
13:42:04 INFO  : Jtag cable 'Digilent Arty 210319A43A6DA' is selected.
13:42:04 INFO  : 'jtag frequency' command is executed.
13:42:04 INFO  : Context for processor 'microblaze_0' is selected.
13:42:04 INFO  : Processor reset is completed for 'microblaze_0'.
13:42:04 INFO  : Context for processor 'microblaze_0' is selected.
13:42:05 INFO  : The application 'E:/Development/zofija/sinus.sdk/server/Debug/server.elf' is downloaded to processor 'microblaze_0'.
13:42:05 INFO  : ----------------XSDB Script----------------
connect -url tcp:127.0.0.1:3121
targets -set -nocase -filter {name =~ "microblaze*#0" && bscan=="USER2"  && jtag_cable_name =~ "Digilent Arty 210319A43A6DA"} -index 0
rst -processor
targets -set -nocase -filter {name =~ "microblaze*#0" && bscan=="USER2"  && jtag_cable_name =~ "Digilent Arty 210319A43A6DA"} -index 0
dow E:/Development/zofija/sinus.sdk/server/Debug/server.elf
----------------End of Script----------------

13:42:05 INFO  : Memory regions updated for context MicroBlaze #0
13:42:05 INFO  : Memory regions updated for context MicroBlaze #0
13:42:05 INFO  : Context for processor 'microblaze_0' is selected.
13:42:05 INFO  : 'con' command is executed.
13:42:05 INFO  : ----------------XSDB Script (After Launch)----------------
targets -set -nocase -filter {name =~ "microblaze*#0" && bscan=="USER2"  && jtag_cable_name =~ "Digilent Arty 210319A43A6DA"} -index 0
con
----------------End of Script----------------

13:42:05 INFO  : Launch script is exported to file 'E:\Development\zofija\sinus.sdk\.sdk\launch_scripts\xilinx_c-c++_application_(system_debugger)\system_debugger_using_debug_server.elf_on_local.tcl'
13:43:06 INFO  : Disconnected from the channel tcfchan#8.
13:43:08 INFO  : 'targets -set -filter {jtag_cable_name =~ "Digilent Arty 210319A43A6DA" && level==0} -index 0' command is executed.
13:43:08 INFO  : 'fpga -state' command is executed.
13:43:08 INFO  : Connected to target on host '127.0.0.1' and port '3121'.
13:43:08 INFO  : Jtag cable 'Digilent Arty 210319A43A6DA' is selected.
13:43:08 INFO  : 'jtag frequency' command is executed.
13:43:08 INFO  : Context for processor 'microblaze_0' is selected.
13:43:08 INFO  : Processor reset is completed for 'microblaze_0'.
13:43:08 INFO  : Context for processor 'microblaze_0' is selected.
13:43:10 INFO  : The application 'E:/Development/zofija/sinus.sdk/server/Debug/server.elf' is downloaded to processor 'microblaze_0'.
13:43:10 INFO  : ----------------XSDB Script----------------
connect -url tcp:127.0.0.1:3121
targets -set -nocase -filter {name =~ "microblaze*#0" && bscan=="USER2"  && jtag_cable_name =~ "Digilent Arty 210319A43A6DA"} -index 0
rst -processor
targets -set -nocase -filter {name =~ "microblaze*#0" && bscan=="USER2"  && jtag_cable_name =~ "Digilent Arty 210319A43A6DA"} -index 0
dow E:/Development/zofija/sinus.sdk/server/Debug/server.elf
----------------End of Script----------------

13:43:10 INFO  : Memory regions updated for context MicroBlaze #0
13:43:10 INFO  : Memory regions updated for context MicroBlaze #0
13:43:10 INFO  : Context for processor 'microblaze_0' is selected.
13:43:10 INFO  : 'con' command is executed.
13:43:10 INFO  : ----------------XSDB Script (After Launch)----------------
targets -set -nocase -filter {name =~ "microblaze*#0" && bscan=="USER2"  && jtag_cable_name =~ "Digilent Arty 210319A43A6DA"} -index 0
con
----------------End of Script----------------

13:43:10 INFO  : Launch script is exported to file 'E:\Development\zofija\sinus.sdk\.sdk\launch_scripts\xilinx_c-c++_application_(system_debugger)\system_debugger_using_debug_server.elf_on_local.tcl'
13:45:45 INFO  : Disconnected from the channel tcfchan#9.
13:45:46 INFO  : 'targets -set -filter {jtag_cable_name =~ "Digilent Arty 210319A43A6DA" && level==0} -index 0' command is executed.
13:45:46 INFO  : 'fpga -state' command is executed.
13:45:46 INFO  : Connected to target on host '127.0.0.1' and port '3121'.
13:45:46 INFO  : Jtag cable 'Digilent Arty 210319A43A6DA' is selected.
13:45:46 INFO  : 'jtag frequency' command is executed.
13:45:46 INFO  : Context for processor 'microblaze_0' is selected.
13:45:46 INFO  : Processor reset is completed for 'microblaze_0'.
13:45:46 INFO  : Context for processor 'microblaze_0' is selected.
13:45:48 INFO  : The application 'E:/Development/zofija/sinus.sdk/server/Debug/server.elf' is downloaded to processor 'microblaze_0'.
13:45:48 INFO  : ----------------XSDB Script----------------
connect -url tcp:127.0.0.1:3121
targets -set -nocase -filter {name =~ "microblaze*#0" && bscan=="USER2"  && jtag_cable_name =~ "Digilent Arty 210319A43A6DA"} -index 0
rst -processor
targets -set -nocase -filter {name =~ "microblaze*#0" && bscan=="USER2"  && jtag_cable_name =~ "Digilent Arty 210319A43A6DA"} -index 0
dow E:/Development/zofija/sinus.sdk/server/Debug/server.elf
----------------End of Script----------------

13:45:48 INFO  : Memory regions updated for context MicroBlaze #0
13:45:48 INFO  : Memory regions updated for context MicroBlaze #0
13:45:48 INFO  : Context for processor 'microblaze_0' is selected.
13:45:48 INFO  : 'con' command is executed.
13:45:48 INFO  : ----------------XSDB Script (After Launch)----------------
targets -set -nocase -filter {name =~ "microblaze*#0" && bscan=="USER2"  && jtag_cable_name =~ "Digilent Arty 210319A43A6DA"} -index 0
con
----------------End of Script----------------

13:45:48 INFO  : Launch script is exported to file 'E:\Development\zofija\sinus.sdk\.sdk\launch_scripts\xilinx_c-c++_application_(system_debugger)\system_debugger_using_debug_server.elf_on_local.tcl'
13:46:29 INFO  : Disconnected from the channel tcfchan#10.
13:46:30 INFO  : 'targets -set -filter {jtag_cable_name =~ "Digilent Arty 210319A43A6DA" && level==0} -index 0' command is executed.
13:46:30 INFO  : 'fpga -state' command is executed.
13:46:30 INFO  : Connected to target on host '127.0.0.1' and port '3121'.
13:46:30 INFO  : Jtag cable 'Digilent Arty 210319A43A6DA' is selected.
13:46:30 INFO  : 'jtag frequency' command is executed.
13:46:30 INFO  : Context for processor 'microblaze_0' is selected.
13:46:31 INFO  : Processor reset is completed for 'microblaze_0'.
13:46:31 INFO  : Context for processor 'microblaze_0' is selected.
13:46:32 INFO  : The application 'E:/Development/zofija/sinus.sdk/server/Debug/server.elf' is downloaded to processor 'microblaze_0'.
13:46:32 INFO  : ----------------XSDB Script----------------
connect -url tcp:127.0.0.1:3121
targets -set -nocase -filter {name =~ "microblaze*#0" && bscan=="USER2"  && jtag_cable_name =~ "Digilent Arty 210319A43A6DA"} -index 0
rst -processor
targets -set -nocase -filter {name =~ "microblaze*#0" && bscan=="USER2"  && jtag_cable_name =~ "Digilent Arty 210319A43A6DA"} -index 0
dow E:/Development/zofija/sinus.sdk/server/Debug/server.elf
----------------End of Script----------------

13:46:32 INFO  : Memory regions updated for context MicroBlaze #0
13:46:32 INFO  : Memory regions updated for context MicroBlaze #0
13:46:32 INFO  : Context for processor 'microblaze_0' is selected.
13:46:32 INFO  : 'con' command is executed.
13:46:32 INFO  : ----------------XSDB Script (After Launch)----------------
targets -set -nocase -filter {name =~ "microblaze*#0" && bscan=="USER2"  && jtag_cable_name =~ "Digilent Arty 210319A43A6DA"} -index 0
con
----------------End of Script----------------

13:46:32 INFO  : Launch script is exported to file 'E:\Development\zofija\sinus.sdk\.sdk\launch_scripts\xilinx_c-c++_application_(system_debugger)\system_debugger_using_debug_server.elf_on_local.tcl'
13:47:21 INFO  : Disconnected from the channel tcfchan#11.
13:47:22 INFO  : 'targets -set -filter {jtag_cable_name =~ "Digilent Arty 210319A43A6DA" && level==0} -index 0' command is executed.
13:47:22 INFO  : 'fpga -state' command is executed.
13:47:22 INFO  : Connected to target on host '127.0.0.1' and port '3121'.
13:47:22 INFO  : Jtag cable 'Digilent Arty 210319A43A6DA' is selected.
13:47:22 INFO  : 'jtag frequency' command is executed.
13:47:22 INFO  : Context for processor 'microblaze_0' is selected.
13:47:22 INFO  : Processor reset is completed for 'microblaze_0'.
13:47:22 INFO  : Context for processor 'microblaze_0' is selected.
13:47:24 INFO  : The application 'E:/Development/zofija/sinus.sdk/server/Debug/server.elf' is downloaded to processor 'microblaze_0'.
13:47:24 INFO  : ----------------XSDB Script----------------
connect -url tcp:127.0.0.1:3121
targets -set -nocase -filter {name =~ "microblaze*#0" && bscan=="USER2"  && jtag_cable_name =~ "Digilent Arty 210319A43A6DA"} -index 0
rst -processor
targets -set -nocase -filter {name =~ "microblaze*#0" && bscan=="USER2"  && jtag_cable_name =~ "Digilent Arty 210319A43A6DA"} -index 0
dow E:/Development/zofija/sinus.sdk/server/Debug/server.elf
----------------End of Script----------------

13:47:24 INFO  : Memory regions updated for context MicroBlaze #0
13:47:24 INFO  : Memory regions updated for context MicroBlaze #0
13:47:24 INFO  : Context for processor 'microblaze_0' is selected.
13:47:24 INFO  : 'con' command is executed.
13:47:24 INFO  : ----------------XSDB Script (After Launch)----------------
targets -set -nocase -filter {name =~ "microblaze*#0" && bscan=="USER2"  && jtag_cable_name =~ "Digilent Arty 210319A43A6DA"} -index 0
con
----------------End of Script----------------

13:47:24 INFO  : Launch script is exported to file 'E:\Development\zofija\sinus.sdk\.sdk\launch_scripts\xilinx_c-c++_application_(system_debugger)\system_debugger_using_debug_server.elf_on_local.tcl'
14:36:40 INFO  : Connected to target on host '127.0.0.1' and port '3121'.
14:36:41 INFO  : 'targets -set -filter {jtag_cable_name =~ "Digilent Arty 210319A43A6DA" && level==0} -index 0' command is executed.
14:36:42 INFO  : FPGA configured successfully with bitstream "E:/Development/zofija/sinus.sdk/design_1_wrapper_hw_platform_0/download.bit"
14:46:13 INFO  : Disconnected from the channel tcfchan#12.
14:46:14 INFO  : 'targets -set -filter {jtag_cable_name =~ "Digilent Arty 210319A43A6DA" && level==0} -index 0' command is executed.
14:46:14 INFO  : 'fpga -state' command is executed.
14:46:14 INFO  : Connected to target on host '127.0.0.1' and port '3121'.
14:46:14 INFO  : Jtag cable 'Digilent Arty 210319A43A6DA' is selected.
14:46:14 INFO  : 'jtag frequency' command is executed.
14:46:14 INFO  : Context for processor 'microblaze_0' is selected.
14:46:15 INFO  : Processor reset is completed for 'microblaze_0'.
14:46:15 INFO  : Context for processor 'microblaze_0' is selected.
14:46:16 INFO  : The application 'E:/Development/zofija/sinus.sdk/server/Debug/server.elf' is downloaded to processor 'microblaze_0'.
14:46:16 INFO  : ----------------XSDB Script----------------
connect -url tcp:127.0.0.1:3121
targets -set -nocase -filter {name =~ "microblaze*#0" && bscan=="USER2"  && jtag_cable_name =~ "Digilent Arty 210319A43A6DA"} -index 0
rst -processor
targets -set -nocase -filter {name =~ "microblaze*#0" && bscan=="USER2"  && jtag_cable_name =~ "Digilent Arty 210319A43A6DA"} -index 0
dow E:/Development/zofija/sinus.sdk/server/Debug/server.elf
----------------End of Script----------------

14:46:16 INFO  : Memory regions updated for context MicroBlaze #0
14:46:16 INFO  : Memory regions updated for context MicroBlaze #0
14:46:16 INFO  : Context for processor 'microblaze_0' is selected.
14:46:16 INFO  : 'con' command is executed.
14:46:16 INFO  : ----------------XSDB Script (After Launch)----------------
targets -set -nocase -filter {name =~ "microblaze*#0" && bscan=="USER2"  && jtag_cable_name =~ "Digilent Arty 210319A43A6DA"} -index 0
con
----------------End of Script----------------

14:46:16 INFO  : Launch script is exported to file 'E:\Development\zofija\sinus.sdk\.sdk\launch_scripts\xilinx_c-c++_application_(system_debugger)\system_debugger_using_debug_server.elf_on_local.tcl'
15:28:11 INFO  : Disconnected from the channel tcfchan#13.
15:28:13 ERROR : Unexpected error while parsing XMD response ?: com.google.gson.JsonSyntaxException: com.google.gson.stream.MalformedJsonException: invalid number or unquoted string near 
